Start Logging [2015-02-16 07:37:52 0.77882300]==============
[2015-02-16 07:37:52] REQUEST_URI: /channels/
[2015-02-16 07:37:52] [notice] Notice:[8192] mysql_pconnect(): The mysql extension is deprecated and will be removed in the future: use mysqli or PDO instead mysqladapter.php at 96 row.
[2015-02-16 07:37:52] [log] Query SQL:SELECT * FROM `sys_configs` WHERE ((`status` = 1)) ORDER BY sorts DESC,id ASC
Use time:0.09776
[2015-02-16 07:37:52] [log] Query SQL:SELECT * FROM `channels` ORDER BY position DESC
Use time:0.01227
[2015-02-16 07:37:53] [log] Query SQL:(SELECT `pk_id`, `btitle`, `type`, `fk_channel_id`, `fk_channel_name`, `cover_url`, `created_at` FROM `posts`  WHERE `fk_channel_id`=1 AND `status`=1 ORDER BY `created_at` DESC LIMIT 12) UNION ALL (SELECT `pk_id`, `btitle`, `type`, `fk_channel_id`, `fk_channel_name`, `cover_url`, `created_at` FROM `posts`  WHERE `fk_channel_id`=2 AND `status`=1 ORDER BY `created_at` DESC LIMIT 12) UNION ALL (SELECT `pk_id`, `btitle`, `type`, `fk_channel_id`, `fk_channel_name`, `cover_url`, `created_at` FROM `posts`  WHERE `fk_channel_id`=3 AND `status`=1 ORDER BY `created_at` DESC LIMIT 12) UNION ALL (SELECT `pk_id`, `btitle`, `type`, `fk_channel_id`, `fk_channel_name`, `cover_url`, `created_at` FROM `posts`  WHERE `fk_channel_id`=4 AND `status`=1 ORDER BY `created_at` DESC LIMIT 12) UNION ALL (SELECT `pk_id`, `btitle`, `type`, `fk_channel_id`, `fk_channel_name`, `cover_url`, `created_at` FROM `posts`  WHERE `fk_channel_id`=11 AND `status`=1 ORDER BY `created_at` DESC LIMIT 12) UNION ALL (SELECT `pk_id`, `btitle`, `type`, `fk_channel_id`, `fk_channel_name`, `cover_url`, `created_at` FROM `posts`  WHERE `fk_channel_id`=12 AND `status`=1 ORDER BY `created_at` DESC LIMIT 12) UNION ALL (SELECT `pk_id`, `btitle`, `type`, `fk_channel_id`, `fk_channel_name`, `cover_url`, `created_at` FROM `posts`  WHERE `fk_channel_id`=13 AND `status`=1 ORDER BY `created_at` DESC LIMIT 12) UNION ALL (SELECT `pk_id`, `btitle`, `type`, `fk_channel_id`, `fk_channel_name`, `cover_url`, `created_at` FROM `posts`  WHERE `fk_channel_id`=5 AND `status`=1 ORDER BY `created_at` DESC LIMIT 12) UNION ALL (SELECT `pk_id`, `btitle`, `type`, `fk_channel_id`, `fk_channel_name`, `cover_url`, `created_at` FROM `posts`  WHERE `fk_channel_id`=6 AND `status`=1 ORDER BY `created_at` DESC LIMIT 12) UNION ALL (SELECT `pk_id`, `btitle`, `type`, `fk_channel_id`, `fk_channel_name`, `cover_url`, `created_at` FROM `posts`  WHERE `fk_channel_id`=7 AND `status`=1 ORDER BY `created_at` DESC LIMIT 12) UNION ALL (SELECT `pk_id`, `btitle`, `type`, `fk_channel_id`, `fk_channel_name`, `cover_url`, `created_at` FROM `posts`  WHERE `fk_channel_id`=8 AND `status`=1 ORDER BY `created_at` DESC LIMIT 12) UNION ALL (SELECT `pk_id`, `btitle`, `type`, `fk_channel_id`, `fk_channel_name`, `cover_url`, `created_at` FROM `posts`  WHERE `fk_channel_id`=9 AND `status`=1 ORDER BY `created_at` DESC LIMIT 12) UNION ALL (SELECT `pk_id`, `btitle`, `type`, `fk_channel_id`, `fk_channel_name`, `cover_url`, `created_at` FROM `posts`  WHERE `fk_channel_id`=10 AND `status`=1 ORDER BY `created_at` DESC LIMIT 12)
Use time:0.05190
[2015-02-16 07:37:53] [notice] Notice:[2] Missing argument 1 for AppController::debug() appcontroller.php at 250 row.
[2015-02-16 07:37:53] [log] Process: 0.348s ( Load:0.0s Init:0.039s Exec:0.276s Template:0.032s )
Start Logging [2015-02-16 07:37:53 0.20433800]==============
[2015-02-16 07:37:53] REQUEST_URI: /min/?g=css
[2015-02-16 07:37:53] [notice] Notice:[8192] mysql_pconnect(): The mysql extension is deprecated and will be removed in the future: use mysqli or PDO instead mysqladapter.php at 96 row.
[2015-02-16 07:37:53] [log] Query SQL:SELECT * FROM `sys_configs` WHERE ((`status` = 1)) ORDER BY sorts DESC,id ASC
Use time:0.00178
Start Logging [2015-02-16 07:37:53 0.23591400]==============
[2015-02-16 07:37:53] REQUEST_URI: /min/?g=js
[2015-02-16 07:37:53] [notice] Notice:[8192] mysql_pconnect(): The mysql extension is deprecated and will be removed in the future: use mysqli or PDO instead mysqladapter.php at 96 row.
[2015-02-16 07:37:53] [log] Query SQL:SELECT * FROM `sys_configs` WHERE ((`status` = 1)) ORDER BY sorts DESC,id ASC
Use time:0.00041
Start Logging [2015-02-16 07:37:53 0.28165500]==============
[2015-02-16 07:37:53] REQUEST_URI: /min/?f=bootstrap-paginator.min.js,slick.min.js&b=public/js
[2015-02-16 07:37:53] [notice] Notice:[8192] mysql_pconnect(): The mysql extension is deprecated and will be removed in the future: use mysqli or PDO instead mysqladapter.php at 96 row.
[2015-02-16 07:37:53] [log] Query SQL:SELECT * FROM `sys_configs` WHERE ((`status` = 1)) ORDER BY sorts DESC,id ASC
Use time:0.00545
