Start Logging [2015-08-06 04:02:36 0.41573900]==============
[2015-08-06 04:02:36] REQUEST_URI: /channels/
[2015-08-06 04:02:36] [notice] Notice:[8192] mysql_pconnect(): The mysql extension is deprecated and will be removed in the future: use mysqli or PDO instead mysqladapter.php at 96 row.
[2015-08-06 04:02:36] [notice] Notice:[8] mysql_pconnect(): send of 5 bytes failed with errno=32 Broken pipe mysqladapter.php at 96 row.
[2015-08-06 04:02:36] [log] Query SQL:SELECT * FROM `sys_configs` WHERE ((`status` = 1)) ORDER BY sorts DESC,id ASC
Use time:0.03179
[2015-08-06 04:02:36] [log] Query SQL:SELECT * FROM `channels` ORDER BY position DESC
Use time:0.00978
[2015-08-06 04:02:36] [log] Query SQL:(SELECT `pk_id`, `btitle`, `type`, `fk_channel_id`, `fk_channel_name`, `cover_url`, `created_at` FROM `posts`  WHERE `fk_channel_id`=1 AND `status`=1 ORDER BY `created_at` DESC LIMIT 12) UNION ALL (SELECT `pk_id`, `btitle`, `type`, `fk_channel_id`, `fk_channel_name`, `cover_url`, `created_at` FROM `posts`  WHERE `fk_channel_id`=2 AND `status`=1 ORDER BY `created_at` DESC LIMIT 12) UNION ALL (SELECT `pk_id`, `btitle`, `type`, `fk_channel_id`, `fk_channel_name`, `cover_url`, `created_at` FROM `posts`  WHERE `fk_channel_id`=3 AND `status`=1 ORDER BY `created_at` DESC LIMIT 12) UNION ALL (SELECT `pk_id`, `btitle`, `type`, `fk_channel_id`, `fk_channel_name`, `cover_url`, `created_at` FROM `posts`  WHERE `fk_channel_id`=4 AND `status`=1 ORDER BY `created_at` DESC LIMIT 12) UNION ALL (SELECT `pk_id`, `btitle`, `type`, `fk_channel_id`, `fk_channel_name`, `cover_url`, `created_at` FROM `posts`  WHERE `fk_channel_id`=11 AND `status`=1 ORDER BY `created_at` DESC LIMIT 12) UNION ALL (SELECT `pk_id`, `btitle`, `type`, `fk_channel_id`, `fk_channel_name`, `cover_url`, `created_at` FROM `posts`  WHERE `fk_channel_id`=12 AND `status`=1 ORDER BY `created_at` DESC LIMIT 12) UNION ALL (SELECT `pk_id`, `btitle`, `type`, `fk_channel_id`, `fk_channel_name`, `cover_url`, `created_at` FROM `posts`  WHERE `fk_channel_id`=13 AND `status`=1 ORDER BY `created_at` DESC LIMIT 12) UNION ALL (SELECT `pk_id`, `btitle`, `type`, `fk_channel_id`, `fk_channel_name`, `cover_url`, `created_at` FROM `posts`  WHERE `fk_channel_id`=5 AND `status`=1 ORDER BY `created_at` DESC LIMIT 12) UNION ALL (SELECT `pk_id`, `btitle`, `type`, `fk_channel_id`, `fk_channel_name`, `cover_url`, `created_at` FROM `posts`  WHERE `fk_channel_id`=6 AND `status`=1 ORDER BY `created_at` DESC LIMIT 12) UNION ALL (SELECT `pk_id`, `btitle`, `type`, `fk_channel_id`, `fk_channel_name`, `cover_url`, `created_at` FROM `posts`  WHERE `fk_channel_id`=7 AND `status`=1 ORDER BY `created_at` DESC LIMIT 12) UNION ALL (SELECT `pk_id`, `btitle`, `type`, `fk_channel_id`, `fk_channel_name`, `cover_url`, `created_at` FROM `posts`  WHERE `fk_channel_id`=8 AND `status`=1 ORDER BY `created_at` DESC LIMIT 12) UNION ALL (SELECT `pk_id`, `btitle`, `type`, `fk_channel_id`, `fk_channel_name`, `cover_url`, `created_at` FROM `posts`  WHERE `fk_channel_id`=9 AND `status`=1 ORDER BY `created_at` DESC LIMIT 12) UNION ALL (SELECT `pk_id`, `btitle`, `type`, `fk_channel_id`, `fk_channel_name`, `cover_url`, `created_at` FROM `posts`  WHERE `fk_channel_id`=10 AND `status`=1 ORDER BY `created_at` DESC LIMIT 12)
Use time:0.05576
[2015-08-06 04:02:36] [notice] Notice:[2] Missing argument 1 for AppController::debug() appcontroller.php at 250 row.
[2015-08-06 04:02:36] [log] Process: 0.375s ( Load:0.0s Init:0.018s Exec:0.329s Template:0.029s )
Start Logging [2015-08-06 04:02:36 0.77678700]==============
[2015-08-06 04:02:36] REQUEST_URI: /min/?g=css
[2015-08-06 04:02:36] [notice] Notice:[8192] mysql_pconnect(): The mysql extension is deprecated and will be removed in the future: use mysqli or PDO instead mysqladapter.php at 96 row.
[2015-08-06 04:02:36] [log] Query SQL:SELECT * FROM `sys_configs` WHERE ((`status` = 1)) ORDER BY sorts DESC,id ASC
Use time:0.00429
Start Logging [2015-08-06 04:02:36 0.90168800]==============
[2015-08-06 04:02:36] REQUEST_URI: /min/?f=bootstrap-paginator.min.js,slick.min.js&b=public/js
[2015-08-06 04:02:36] [notice] Notice:[8192] mysql_pconnect(): The mysql extension is deprecated and will be removed in the future: use mysqli or PDO instead mysqladapter.php at 96 row.
[2015-08-06 04:02:36] [log] Query SQL:SELECT * FROM `sys_configs` WHERE ((`status` = 1)) ORDER BY sorts DESC,id ASC
Use time:0.00198
Start Logging [2015-08-06 04:02:36 0.89911600]==============
[2015-08-06 04:02:36] REQUEST_URI: /min/?g=js
[2015-08-06 04:02:36] [notice] Notice:[8192] mysql_pconnect(): The mysql extension is deprecated and will be removed in the future: use mysqli or PDO instead mysqladapter.php at 96 row.
[2015-08-06 04:02:36] [log] Query SQL:SELECT * FROM `sys_configs` WHERE ((`status` = 1)) ORDER BY sorts DESC,id ASC
Use time:0.00136
