Start Logging [2015-07-03 22:38:00 0.75792100]==============
[2015-07-03 22:38:00] REQUEST_URI: /channels/
[2015-07-03 22:38:00] [notice] Notice:[8192] mysql_pconnect(): The mysql extension is deprecated and will be removed in the future: use mysqli or PDO instead mysqladapter.php at 96 row.
[2015-07-03 22:38:00] [log] Query SQL:SELECT * FROM `sys_configs` WHERE ((`status` = 1)) ORDER BY sorts DESC,id ASC
Use time:0.01504
[2015-07-03 22:38:00] [log] Query SQL:SELECT * FROM `channels` ORDER BY position DESC
Use time:0.00996
[2015-07-03 22:38:00] [log] Query SQL:(SELECT `pk_id`, `btitle`, `type`, `fk_channel_id`, `fk_channel_name`, `cover_url`, `created_at` FROM `posts`  WHERE `fk_channel_id`=1 AND `status`=1 ORDER BY `created_at` DESC LIMIT 12) UNION ALL (SELECT `pk_id`, `btitle`, `type`, `fk_channel_id`, `fk_channel_name`, `cover_url`, `created_at` FROM `posts`  WHERE `fk_channel_id`=2 AND `status`=1 ORDER BY `created_at` DESC LIMIT 12) UNION ALL (SELECT `pk_id`, `btitle`, `type`, `fk_channel_id`, `fk_channel_name`, `cover_url`, `created_at` FROM `posts`  WHERE `fk_channel_id`=3 AND `status`=1 ORDER BY `created_at` DESC LIMIT 12) UNION ALL (SELECT `pk_id`, `btitle`, `type`, `fk_channel_id`, `fk_channel_name`, `cover_url`, `created_at` FROM `posts`  WHERE `fk_channel_id`=4 AND `status`=1 ORDER BY `created_at` DESC LIMIT 12) UNION ALL (SELECT `pk_id`, `btitle`, `type`, `fk_channel_id`, `fk_channel_name`, `cover_url`, `created_at` FROM `posts`  WHERE `fk_channel_id`=11 AND `status`=1 ORDER BY `created_at` DESC LIMIT 12) UNION ALL (SELECT `pk_id`, `btitle`, `type`, `fk_channel_id`, `fk_channel_name`, `cover_url`, `created_at` FROM `posts`  WHERE `fk_channel_id`=12 AND `status`=1 ORDER BY `created_at` DESC LIMIT 12) UNION ALL (SELECT `pk_id`, `btitle`, `type`, `fk_channel_id`, `fk_channel_name`, `cover_url`, `created_at` FROM `posts`  WHERE `fk_channel_id`=13 AND `status`=1 ORDER BY `created_at` DESC LIMIT 12) UNION ALL (SELECT `pk_id`, `btitle`, `type`, `fk_channel_id`, `fk_channel_name`, `cover_url`, `created_at` FROM `posts`  WHERE `fk_channel_id`=5 AND `status`=1 ORDER BY `created_at` DESC LIMIT 12) UNION ALL (SELECT `pk_id`, `btitle`, `type`, `fk_channel_id`, `fk_channel_name`, `cover_url`, `created_at` FROM `posts`  WHERE `fk_channel_id`=6 AND `status`=1 ORDER BY `created_at` DESC LIMIT 12) UNION ALL (SELECT `pk_id`, `btitle`, `type`, `fk_channel_id`, `fk_channel_name`, `cover_url`, `created_at` FROM `posts`  WHERE `fk_channel_id`=7 AND `status`=1 ORDER BY `created_at` DESC LIMIT 12) UNION ALL (SELECT `pk_id`, `btitle`, `type`, `fk_channel_id`, `fk_channel_name`, `cover_url`, `created_at` FROM `posts`  WHERE `fk_channel_id`=8 AND `status`=1 ORDER BY `created_at` DESC LIMIT 12) UNION ALL (SELECT `pk_id`, `btitle`, `type`, `fk_channel_id`, `fk_channel_name`, `cover_url`, `created_at` FROM `posts`  WHERE `fk_channel_id`=9 AND `status`=1 ORDER BY `created_at` DESC LIMIT 12) UNION ALL (SELECT `pk_id`, `btitle`, `type`, `fk_channel_id`, `fk_channel_name`, `cover_url`, `created_at` FROM `posts`  WHERE `fk_channel_id`=10 AND `status`=1 ORDER BY `created_at` DESC LIMIT 12)
Use time:0.09262
[2015-07-03 22:38:00] [notice] Notice:[2] Missing argument 1 for AppController::debug() appcontroller.php at 250 row.
[2015-07-03 22:38:00] [log] Process: 0.251s ( Load:0.0s Init:0.019s Exec:0.206s Template:0.026s )
Start Logging [2015-07-03 22:38:01 0.03960500]==============
[2015-07-03 22:38:01] REQUEST_URI: /min/?g=css
[2015-07-03 22:38:01] [notice] Notice:[8192] mysql_pconnect(): The mysql extension is deprecated and will be removed in the future: use mysqli or PDO instead mysqladapter.php at 96 row.
[2015-07-03 22:38:01] [log] Query SQL:SELECT * FROM `sys_configs` WHERE ((`status` = 1)) ORDER BY sorts DESC,id ASC
Use time:0.00034
Start Logging [2015-07-03 22:38:01 0.05779300]==============
[2015-07-03 22:38:01] REQUEST_URI: /min/?f=bootstrap-paginator.min.js,slick.min.js&b=public/js
[2015-07-03 22:38:01] [notice] Notice:[8192] mysql_pconnect(): The mysql extension is deprecated and will be removed in the future: use mysqli or PDO instead mysqladapter.php at 96 row.
[2015-07-03 22:38:01] [notice] Notice:[8] mysql_pconnect(): send of 5 bytes failed with errno=32 Broken pipe mysqladapter.php at 96 row.
[2015-07-03 22:38:01] [log] Query SQL:SELECT * FROM `sys_configs` WHERE ((`status` = 1)) ORDER BY sorts DESC,id ASC
Use time:0.00166
Start Logging [2015-07-03 22:38:01 0.05568900]==============
[2015-07-03 22:38:01] REQUEST_URI: /min/?g=js
[2015-07-03 22:38:01] [notice] Notice:[8192] mysql_pconnect(): The mysql extension is deprecated and will be removed in the future: use mysqli or PDO instead mysqladapter.php at 96 row.
[2015-07-03 22:38:01] [log] Query SQL:SELECT * FROM `sys_configs` WHERE ((`status` = 1)) ORDER BY sorts DESC,id ASC
Use time:0.00048
Start Logging [2015-07-03 22:43:50 0.34453100]==============
[2015-07-03 22:43:50] REQUEST_URI: /channels/
[2015-07-03 22:43:50] [notice] Notice:[8192] mysql_pconnect(): The mysql extension is deprecated and will be removed in the future: use mysqli or PDO instead mysqladapter.php at 96 row.
[2015-07-03 22:43:50] [log] Query SQL:SELECT * FROM `sys_configs` WHERE ((`status` = 1)) ORDER BY sorts DESC,id ASC
Use time:0.00258
[2015-07-03 22:43:50] [log] Query SQL:SELECT * FROM `channels` ORDER BY position DESC
Use time:0.00272
[2015-07-03 22:43:50] [log] Query SQL:(SELECT `pk_id`, `btitle`, `type`, `fk_channel_id`, `fk_channel_name`, `cover_url`, `created_at` FROM `posts`  WHERE `fk_channel_id`=1 AND `status`=1 ORDER BY `created_at` DESC LIMIT 12) UNION ALL (SELECT `pk_id`, `btitle`, `type`, `fk_channel_id`, `fk_channel_name`, `cover_url`, `created_at` FROM `posts`  WHERE `fk_channel_id`=2 AND `status`=1 ORDER BY `created_at` DESC LIMIT 12) UNION ALL (SELECT `pk_id`, `btitle`, `type`, `fk_channel_id`, `fk_channel_name`, `cover_url`, `created_at` FROM `posts`  WHERE `fk_channel_id`=3 AND `status`=1 ORDER BY `created_at` DESC LIMIT 12) UNION ALL (SELECT `pk_id`, `btitle`, `type`, `fk_channel_id`, `fk_channel_name`, `cover_url`, `created_at` FROM `posts`  WHERE `fk_channel_id`=4 AND `status`=1 ORDER BY `created_at` DESC LIMIT 12) UNION ALL (SELECT `pk_id`, `btitle`, `type`, `fk_channel_id`, `fk_channel_name`, `cover_url`, `created_at` FROM `posts`  WHERE `fk_channel_id`=11 AND `status`=1 ORDER BY `created_at` DESC LIMIT 12) UNION ALL (SELECT `pk_id`, `btitle`, `type`, `fk_channel_id`, `fk_channel_name`, `cover_url`, `created_at` FROM `posts`  WHERE `fk_channel_id`=12 AND `status`=1 ORDER BY `created_at` DESC LIMIT 12) UNION ALL (SELECT `pk_id`, `btitle`, `type`, `fk_channel_id`, `fk_channel_name`, `cover_url`, `created_at` FROM `posts`  WHERE `fk_channel_id`=13 AND `status`=1 ORDER BY `created_at` DESC LIMIT 12) UNION ALL (SELECT `pk_id`, `btitle`, `type`, `fk_channel_id`, `fk_channel_name`, `cover_url`, `created_at` FROM `posts`  WHERE `fk_channel_id`=5 AND `status`=1 ORDER BY `created_at` DESC LIMIT 12) UNION ALL (SELECT `pk_id`, `btitle`, `type`, `fk_channel_id`, `fk_channel_name`, `cover_url`, `created_at` FROM `posts`  WHERE `fk_channel_id`=6 AND `status`=1 ORDER BY `created_at` DESC LIMIT 12) UNION ALL (SELECT `pk_id`, `btitle`, `type`, `fk_channel_id`, `fk_channel_name`, `cover_url`, `created_at` FROM `posts`  WHERE `fk_channel_id`=7 AND `status`=1 ORDER BY `created_at` DESC LIMIT 12) UNION ALL (SELECT `pk_id`, `btitle`, `type`, `fk_channel_id`, `fk_channel_name`, `cover_url`, `created_at` FROM `posts`  WHERE `fk_channel_id`=8 AND `status`=1 ORDER BY `created_at` DESC LIMIT 12) UNION ALL (SELECT `pk_id`, `btitle`, `type`, `fk_channel_id`, `fk_channel_name`, `cover_url`, `created_at` FROM `posts`  WHERE `fk_channel_id`=9 AND `status`=1 ORDER BY `created_at` DESC LIMIT 12) UNION ALL (SELECT `pk_id`, `btitle`, `type`, `fk_channel_id`, `fk_channel_name`, `cover_url`, `created_at` FROM `posts`  WHERE `fk_channel_id`=10 AND `status`=1 ORDER BY `created_at` DESC LIMIT 12)
Use time:0.09710
[2015-07-03 22:43:50] [notice] Notice:[2] Missing argument 1 for AppController::debug() appcontroller.php at 250 row.
[2015-07-03 22:43:50] [log] Process: 0.562s ( Load:0.0s Init:0.148s Exec:0.394s Template:0.020s )
Start Logging [2015-07-03 22:43:50 0.66505900]==============
[2015-07-03 22:43:50] REQUEST_URI: /min/?g=css
[2015-07-03 22:43:50] [notice] Notice:[8192] mysql_pconnect(): The mysql extension is deprecated and will be removed in the future: use mysqli or PDO instead mysqladapter.php at 96 row.
[2015-07-03 22:43:50] [log] Query SQL:SELECT * FROM `sys_configs` WHERE ((`status` = 1)) ORDER BY sorts DESC,id ASC
Use time:0.00033
Start Logging [2015-07-03 22:43:50 0.72488500]==============
[2015-07-03 22:43:50] REQUEST_URI: /min/?f=bootstrap-paginator.min.js,slick.min.js&b=public/js
[2015-07-03 22:43:50] [notice] Notice:[8192] mysql_pconnect(): The mysql extension is deprecated and will be removed in the future: use mysqli or PDO instead mysqladapter.php at 96 row.
[2015-07-03 22:43:50] [log] Query SQL:SELECT * FROM `sys_configs` WHERE ((`status` = 1)) ORDER BY sorts DESC,id ASC
Use time:0.00039
Start Logging [2015-07-03 22:43:50 0.72393000]==============
[2015-07-03 22:43:50] REQUEST_URI: /min/?g=js
[2015-07-03 22:43:50] [notice] Notice:[8192] mysql_pconnect(): The mysql extension is deprecated and will be removed in the future: use mysqli or PDO instead mysqladapter.php at 96 row.
[2015-07-03 22:43:50] [log] Query SQL:SELECT * FROM `sys_configs` WHERE ((`status` = 1)) ORDER BY sorts DESC,id ASC
Use time:0.00165
