Start Logging [2016-01-12 06:51:53 0.87832700]==============
[2016-01-12 06:51:53] REQUEST_URI: /
[2016-01-12 06:51:53] [notice] Notice:[8192] mysql_pconnect(): The mysql extension is deprecated and will be removed in the future: use mysqli or PDO instead mysqladapter.php at 96 row.
[2016-01-12 06:51:53] [notice] Notice:[2] mysql_pconnect(): Access denied for user 'root'@'localhost' (using password: YES) mysqladapter.php at 96 row.
[2016-01-12 06:51:53] [notice] Notice:[4096] Object of class SysApp could not be converted to string clexception.php at 188 row.
[2016-01-12 06:51:53] [notice] Notice:[4096] Object of class SysApp could not be converted to string clexception.php at 188 row.
[2016-01-12 06:51:53] [notice] Notice:[4096] Object of class SysApp could not be converted to string clexception.php at 188 row.
[2016-01-12 06:51:53] [exception] 
_error_info_:_string_
_error_url_:/index.php
_error_type_:CLException
_error_trace_:
[16-01-12 06:51:01] /Users/wanliqun/project/www/stuff/coolphp/trunk/db.php (165) MysqlAdapter->connect()
[16-01-12 06:51:01] /Users/wanliqun/project/www/stuff/coolphp/trunk/corex/db/mysqladapter.php (25) Db->__construct(array (  'adapter' => 'Mysql',  'charset' => 'utf8',  'hostname' => 'localhost',  'username' => 'root',  'password' => '1314521',  'database' => 'iprank',  'pconnect' => true,  'hostport' => '3306',  'is_master' => true,  'debug' => true,  'server' =>   array (    'server1' =>     array (      'hostname' => 'localhost',      'username' => 'username',      'password' => 'password',      'database' => 'database',      'pconnect' => true,      'hostport' => '3306',      'is_master' => true,    ),    'server2' =>     array (      'hostname' => 'localhost',      'username' => 'username',      'password' => 'password',      'database' => 'database',      'pconnect' => true,      'hostport' => '3306',      'is_master' => false,    ),  ),))
[16-01-12 06:51:01] /Users/wanliqun/project/www/stuff/coolphp/trunk/db.php (152) MysqlAdapter->__construct(array (  'adapter' => 'Mysql',  'charset' => 'utf8',  'hostname' => 'localhost',  'username' => 'root',  'password' => '1314521',  'database' => 'iprank',  'pconnect' => true,  'hostport' => '3306',  'is_master' => true,  'debug' => true,  'server' =>   array (    'server1' =>     array (      'hostname' => 'localhost',      'username' => 'username',      'password' => 'password',      'database' => 'database',      'pconnect' => true,      'hostport' => '3306',      'is_master' => true,    ),    'server2' =>     array (      'hostname' => 'localhost',      'username' => 'username',      'password' => 'password',      'database' => 'database',      'pconnect' => true,      'hostport' => '3306',      'is_master' => false,    ),  ),))
[16-01-12 06:51:01] /Users/wanliqun/project/www/stuff/coolphp/trunk/db.php (132) Db::factory(array (  'adapter' => 'Mysql',  'charset' => 'utf8',  'hostname' => 'localhost',  'username' => 'root',  'password' => '1314521',  'database' => 'iprank',  'pconnect' => true,  'hostport' => '3306',  'is_master' => true,  'debug' => true,  'server' =>   array (    'server1' =>     array (      'hostname' => 'localhost',      'username' => 'username',      'password' => 'password',      'database' => 'database',      'pconnect' => true,      'hostport' => '3306',      'is_master' => true,    ),    'server2' =>     array (      'hostname' => 'localhost',      'username' => 'username',      'password' => 'password',      'database' => 'database',      'pconnect' => true,      'hostport' => '3306',      'is_master' => false,    ),  ),))
[16-01-12 06:51:01] /Users/wanliqun/project/www/stuff/coolphp/trunk/model.php (114) Db::getInstance()
[16-01-12 06:51:01] /Users/wanliqun/project/www/stuff/coolphp/trunk/itbeing.php (92) Model->__construct()
[16-01-12 06:51:01] /Users/wanliqun/project/www/stuff/coolphp/trunk/itbeing/sysconfig.php (50) Itbeing::loadModel(sys_configs)
[16-01-12 06:51:01] /Users/wanliqun/project/thegameabc/iPrank/project/iprank.tv/www/app/appcontroller.php (78) Itbeing_SysConfig->getConfigs(, 1)
[16-01-12 06:51:01] /Users/wanliqun/project/thegameabc/iPrank/project/iprank.tv/www/app/appcontroller.php (29) AppController->loadSysConfig()
[16-01-12 06:51:01] /Users/wanliqun/project/www/stuff/coolphp/trunk/controller.php (102) AppController->init()
[16-01-12 06:51:01] /Users/wanliqun/project/thegameabc/iPrank/project/iprank.tv/www/app/appcontroller.php (22) Controller->__construct()
[16-01-12 06:51:01] /Users/wanliqun/project/thegameabc/iPrank/project/iprank.tv/www/app/controller/home.php (6) AppController->__construct()
[16-01-12 06:51:01] /Users/wanliqun/project/www/stuff/coolphp/trunk/controller.php (91) Home->__construct()
[16-01-12 06:51:01] /Users/wanliqun/project/www/stuff/coolphp/trunk/app.php (155) Controller::loadController(home)
[16-01-12 06:51:01] /Users/wanliqun/project/thegameabc/iPrank/project/iprank.tv/www/index.php (25) App->run()
Start Logging [2016-01-12 06:51:54 0.14800300]==============
[2016-01-12 06:51:54] REQUEST_URI: /favicon.ico
[2016-01-12 06:51:54] [notice] Notice:[8192] mysql_pconnect(): The mysql extension is deprecated and will be removed in the future: use mysqli or PDO instead mysqladapter.php at 96 row.
[2016-01-12 06:51:54] [notice] Notice:[2] mysql_pconnect(): Access denied for user 'root'@'localhost' (using password: YES) mysqladapter.php at 96 row.
[2016-01-12 06:51:54] [notice] Notice:[4096] Object of class SysApp could not be converted to string clexception.php at 188 row.
[2016-01-12 06:51:54] [notice] Notice:[4096] Object of class SysApp could not be converted to string clexception.php at 188 row.
[2016-01-12 06:51:54] [exception] 
_error_info_:_string_
_error_url_:/index.php
_error_type_:CLException
_error_trace_:
[16-01-12 06:51:01] /Users/wanliqun/project/www/stuff/coolphp/trunk/db.php (165) MysqlAdapter->connect()
[16-01-12 06:51:01] /Users/wanliqun/project/www/stuff/coolphp/trunk/corex/db/mysqladapter.php (25) Db->__construct(array (  'adapter' => 'Mysql',  'charset' => 'utf8',  'hostname' => 'localhost',  'username' => 'root',  'password' => '1314521',  'database' => 'iprank',  'pconnect' => true,  'hostport' => '3306',  'is_master' => true,  'debug' => true,  'server' =>   array (    'server1' =>     array (      'hostname' => 'localhost',      'username' => 'username',      'password' => 'password',      'database' => 'database',      'pconnect' => true,      'hostport' => '3306',      'is_master' => true,    ),    'server2' =>     array (      'hostname' => 'localhost',      'username' => 'username',      'password' => 'password',      'database' => 'database',      'pconnect' => true,      'hostport' => '3306',      'is_master' => false,    ),  ),))
[16-01-12 06:51:01] /Users/wanliqun/project/www/stuff/coolphp/trunk/db.php (152) MysqlAdapter->__construct(array (  'adapter' => 'Mysql',  'charset' => 'utf8',  'hostname' => 'localhost',  'username' => 'root',  'password' => '1314521',  'database' => 'iprank',  'pconnect' => true,  'hostport' => '3306',  'is_master' => true,  'debug' => true,  'server' =>   array (    'server1' =>     array (      'hostname' => 'localhost',      'username' => 'username',      'password' => 'password',      'database' => 'database',      'pconnect' => true,      'hostport' => '3306',      'is_master' => true,    ),    'server2' =>     array (      'hostname' => 'localhost',      'username' => 'username',      'password' => 'password',      'database' => 'database',      'pconnect' => true,      'hostport' => '3306',      'is_master' => false,    ),  ),))
[16-01-12 06:51:01] /Users/wanliqun/project/www/stuff/coolphp/trunk/db.php (132) Db::factory(array (  'adapter' => 'Mysql',  'charset' => 'utf8',  'hostname' => 'localhost',  'username' => 'root',  'password' => '1314521',  'database' => 'iprank',  'pconnect' => true,  'hostport' => '3306',  'is_master' => true,  'debug' => true,  'server' =>   array (    'server1' =>     array (      'hostname' => 'localhost',      'username' => 'username',      'password' => 'password',      'database' => 'database',      'pconnect' => true,      'hostport' => '3306',      'is_master' => true,    ),    'server2' =>     array (      'hostname' => 'localhost',      'username' => 'username',      'password' => 'password',      'database' => 'database',      'pconnect' => true,      'hostport' => '3306',      'is_master' => false,    ),  ),))
[16-01-12 06:51:01] /Users/wanliqun/project/www/stuff/coolphp/trunk/model.php (114) Db::getInstance()
[16-01-12 06:51:01] /Users/wanliqun/project/www/stuff/coolphp/trunk/itbeing.php (92) Model->__construct()
[16-01-12 06:51:01] /Users/wanliqun/project/www/stuff/coolphp/trunk/itbeing/sysconfig.php (50) Itbeing::loadModel(sys_configs)
[16-01-12 06:51:01] /Users/wanliqun/project/thegameabc/iPrank/project/iprank.tv/www/app/appcontroller.php (78) Itbeing_SysConfig->getConfigs(, 1)
[16-01-12 06:51:01] /Users/wanliqun/project/thegameabc/iPrank/project/iprank.tv/www/app/appcontroller.php (29) AppController->loadSysConfig()
[16-01-12 06:51:01] /Users/wanliqun/project/www/stuff/coolphp/trunk/controller.php (102) AppController->init()
[16-01-12 06:51:01] /Users/wanliqun/project/thegameabc/iPrank/project/iprank.tv/www/app/appcontroller.php (22) Controller->__construct()
[16-01-12 06:51:01] /Users/wanliqun/project/www/stuff/coolphp/trunk/controller.php (91) AppController->__construct()
[16-01-12 06:51:01] /Users/wanliqun/project/www/stuff/coolphp/trunk/app.php (155) Controller::loadController(site)
[16-01-12 06:51:01] /Users/wanliqun/project/thegameabc/iPrank/project/iprank.tv/www/index.php (25) App->run()
Start Logging [2016-01-12 06:51:54 0.28541800]==============
[2016-01-12 06:51:54] REQUEST_URI: /favicon.ico
[2016-01-12 06:51:54] [notice] Notice:[8192] mysql_pconnect(): The mysql extension is deprecated and will be removed in the future: use mysqli or PDO instead mysqladapter.php at 96 row.
[2016-01-12 06:51:54] [notice] Notice:[2] mysql_pconnect(): Access denied for user 'root'@'localhost' (using password: YES) mysqladapter.php at 96 row.
[2016-01-12 06:51:54] [notice] Notice:[4096] Object of class SysApp could not be converted to string clexception.php at 188 row.
[2016-01-12 06:51:54] [notice] Notice:[4096] Object of class SysApp could not be converted to string clexception.php at 188 row.
[2016-01-12 06:51:54] [exception] 
_error_info_:_string_
_error_url_:/index.php
_error_type_:CLException
_error_trace_:
[16-01-12 06:51:01] /Users/wanliqun/project/www/stuff/coolphp/trunk/db.php (165) MysqlAdapter->connect()
[16-01-12 06:51:01] /Users/wanliqun/project/www/stuff/coolphp/trunk/corex/db/mysqladapter.php (25) Db->__construct(array (  'adapter' => 'Mysql',  'charset' => 'utf8',  'hostname' => 'localhost',  'username' => 'root',  'password' => '1314521',  'database' => 'iprank',  'pconnect' => true,  'hostport' => '3306',  'is_master' => true,  'debug' => true,  'server' =>   array (    'server1' =>     array (      'hostname' => 'localhost',      'username' => 'username',      'password' => 'password',      'database' => 'database',      'pconnect' => true,      'hostport' => '3306',      'is_master' => true,    ),    'server2' =>     array (      'hostname' => 'localhost',      'username' => 'username',      'password' => 'password',      'database' => 'database',      'pconnect' => true,      'hostport' => '3306',      'is_master' => false,    ),  ),))
[16-01-12 06:51:01] /Users/wanliqun/project/www/stuff/coolphp/trunk/db.php (152) MysqlAdapter->__construct(array (  'adapter' => 'Mysql',  'charset' => 'utf8',  'hostname' => 'localhost',  'username' => 'root',  'password' => '1314521',  'database' => 'iprank',  'pconnect' => true,  'hostport' => '3306',  'is_master' => true,  'debug' => true,  'server' =>   array (    'server1' =>     array (      'hostname' => 'localhost',      'username' => 'username',      'password' => 'password',      'database' => 'database',      'pconnect' => true,      'hostport' => '3306',      'is_master' => true,    ),    'server2' =>     array (      'hostname' => 'localhost',      'username' => 'username',      'password' => 'password',      'database' => 'database',      'pconnect' => true,      'hostport' => '3306',      'is_master' => false,    ),  ),))
[16-01-12 06:51:01] /Users/wanliqun/project/www/stuff/coolphp/trunk/db.php (132) Db::factory(array (  'adapter' => 'Mysql',  'charset' => 'utf8',  'hostname' => 'localhost',  'username' => 'root',  'password' => '1314521',  'database' => 'iprank',  'pconnect' => true,  'hostport' => '3306',  'is_master' => true,  'debug' => true,  'server' =>   array (    'server1' =>     array (      'hostname' => 'localhost',      'username' => 'username',      'password' => 'password',      'database' => 'database',      'pconnect' => true,      'hostport' => '3306',      'is_master' => true,    ),    'server2' =>     array (      'hostname' => 'localhost',      'username' => 'username',      'password' => 'password',      'database' => 'database',      'pconnect' => true,      'hostport' => '3306',      'is_master' => false,    ),  ),))
[16-01-12 06:51:01] /Users/wanliqun/project/www/stuff/coolphp/trunk/model.php (114) Db::getInstance()
[16-01-12 06:51:01] /Users/wanliqun/project/www/stuff/coolphp/trunk/itbeing.php (92) Model->__construct()
[16-01-12 06:51:01] /Users/wanliqun/project/www/stuff/coolphp/trunk/itbeing/sysconfig.php (50) Itbeing::loadModel(sys_configs)
[16-01-12 06:51:01] /Users/wanliqun/project/thegameabc/iPrank/project/iprank.tv/www/app/appcontroller.php (78) Itbeing_SysConfig->getConfigs(, 1)
[16-01-12 06:51:01] /Users/wanliqun/project/thegameabc/iPrank/project/iprank.tv/www/app/appcontroller.php (29) AppController->loadSysConfig()
[16-01-12 06:51:01] /Users/wanliqun/project/www/stuff/coolphp/trunk/controller.php (102) AppController->init()
[16-01-12 06:51:01] /Users/wanliqun/project/thegameabc/iPrank/project/iprank.tv/www/app/appcontroller.php (22) Controller->__construct()
[16-01-12 06:51:01] /Users/wanliqun/project/www/stuff/coolphp/trunk/controller.php (91) AppController->__construct()
[16-01-12 06:51:01] /Users/wanliqun/project/www/stuff/coolphp/trunk/app.php (155) Controller::loadController(site)
[16-01-12 06:51:01] /Users/wanliqun/project/thegameabc/iPrank/project/iprank.tv/www/index.php (25) App->run()
Start Logging [2016-01-12 10:42:19 0.77308900]==============
[2016-01-12 10:42:19] REQUEST_URI: /
[2016-01-12 10:42:19] [notice] Notice:[8192] mysql_pconnect(): The mysql extension is deprecated and will be removed in the future: use mysqli or PDO instead mysqladapter.php at 96 row.
[2016-01-12 10:42:19] [notice] Notice:[2] mysql_pconnect(): No such file or directory mysqladapter.php at 96 row.
[2016-01-12 10:42:19] [notice] Notice:[4096] Object of class SysApp could not be converted to string clexception.php at 188 row.
[2016-01-12 10:42:19] [notice] Notice:[4096] Object of class SysApp could not be converted to string clexception.php at 188 row.
[2016-01-12 10:42:19] [notice] Notice:[4096] Object of class SysApp could not be converted to string clexception.php at 188 row.
[2016-01-12 10:42:19] [exception] 
_error_info_:_string_
_error_url_:/index.php
_error_type_:CLException
_error_trace_:
[16-01-12 10:42:01] /Users/wanliqun/project/www/stuff/coolphp/trunk/db.php (165) MysqlAdapter->connect()
[16-01-12 10:42:01] /Users/wanliqun/project/www/stuff/coolphp/trunk/corex/db/mysqladapter.php (25) Db->__construct(array (  'adapter' => 'Mysql',  'charset' => 'utf8',  'hostname' => 'localhost',  'username' => 'root',  'password' => '1314521',  'database' => 'iprank',  'pconnect' => true,  'hostport' => '3306',  'is_master' => true,  'debug' => true,  'server' =>   array (    'server1' =>     array (      'hostname' => 'localhost',      'username' => 'username',      'password' => 'password',      'database' => 'database',      'pconnect' => true,      'hostport' => '3306',      'is_master' => true,    ),    'server2' =>     array (      'hostname' => 'localhost',      'username' => 'username',      'password' => 'password',      'database' => 'database',      'pconnect' => true,      'hostport' => '3306',      'is_master' => false,    ),  ),))
[16-01-12 10:42:01] /Users/wanliqun/project/www/stuff/coolphp/trunk/db.php (152) MysqlAdapter->__construct(array (  'adapter' => 'Mysql',  'charset' => 'utf8',  'hostname' => 'localhost',  'username' => 'root',  'password' => '1314521',  'database' => 'iprank',  'pconnect' => true,  'hostport' => '3306',  'is_master' => true,  'debug' => true,  'server' =>   array (    'server1' =>     array (      'hostname' => 'localhost',      'username' => 'username',      'password' => 'password',      'database' => 'database',      'pconnect' => true,      'hostport' => '3306',      'is_master' => true,    ),    'server2' =>     array (      'hostname' => 'localhost',      'username' => 'username',      'password' => 'password',      'database' => 'database',      'pconnect' => true,      'hostport' => '3306',      'is_master' => false,    ),  ),))
[16-01-12 10:42:01] /Users/wanliqun/project/www/stuff/coolphp/trunk/db.php (132) Db::factory(array (  'adapter' => 'Mysql',  'charset' => 'utf8',  'hostname' => 'localhost',  'username' => 'root',  'password' => '1314521',  'database' => 'iprank',  'pconnect' => true,  'hostport' => '3306',  'is_master' => true,  'debug' => true,  'server' =>   array (    'server1' =>     array (      'hostname' => 'localhost',      'username' => 'username',      'password' => 'password',      'database' => 'database',      'pconnect' => true,      'hostport' => '3306',      'is_master' => true,    ),    'server2' =>     array (      'hostname' => 'localhost',      'username' => 'username',      'password' => 'password',      'database' => 'database',      'pconnect' => true,      'hostport' => '3306',      'is_master' => false,    ),  ),))
[16-01-12 10:42:01] /Users/wanliqun/project/www/stuff/coolphp/trunk/model.php (114) Db::getInstance()
[16-01-12 10:42:01] /Users/wanliqun/project/www/stuff/coolphp/trunk/itbeing.php (92) Model->__construct()
[16-01-12 10:42:01] /Users/wanliqun/project/www/stuff/coolphp/trunk/itbeing/sysconfig.php (50) Itbeing::loadModel(sys_configs)
[16-01-12 10:42:01] /Users/wanliqun/project/thegameabc/iPrank/project/iprank.tv/www/app/appcontroller.php (78) Itbeing_SysConfig->getConfigs(, 1)
[16-01-12 10:42:01] /Users/wanliqun/project/thegameabc/iPrank/project/iprank.tv/www/app/appcontroller.php (29) AppController->loadSysConfig()
[16-01-12 10:42:01] /Users/wanliqun/project/www/stuff/coolphp/trunk/controller.php (102) AppController->init()
[16-01-12 10:42:01] /Users/wanliqun/project/thegameabc/iPrank/project/iprank.tv/www/app/appcontroller.php (22) Controller->__construct()
[16-01-12 10:42:01] /Users/wanliqun/project/thegameabc/iPrank/project/iprank.tv/www/app/controller/home.php (6) AppController->__construct()
[16-01-12 10:42:01] /Users/wanliqun/project/www/stuff/coolphp/trunk/controller.php (91) Home->__construct()
[16-01-12 10:42:01] /Users/wanliqun/project/www/stuff/coolphp/trunk/app.php (155) Controller::loadController(home)
[16-01-12 10:42:01] /Users/wanliqun/project/thegameabc/iPrank/project/iprank.tv/www/index.php (25) App->run()
Start Logging [2016-01-12 10:42:20 0.25558400]==============
[2016-01-12 10:42:20] REQUEST_URI: /favicon.ico
[2016-01-12 10:42:20] [notice] Notice:[8192] mysql_pconnect(): The mysql extension is deprecated and will be removed in the future: use mysqli or PDO instead mysqladapter.php at 96 row.
[2016-01-12 10:42:20] [notice] Notice:[2] mysql_pconnect(): No such file or directory mysqladapter.php at 96 row.
[2016-01-12 10:42:20] [notice] Notice:[4096] Object of class SysApp could not be converted to string clexception.php at 188 row.
[2016-01-12 10:42:20] [notice] Notice:[4096] Object of class SysApp could not be converted to string clexception.php at 188 row.
[2016-01-12 10:42:20] [exception] 
_error_info_:_string_
_error_url_:/index.php
_error_type_:CLException
_error_trace_:
[16-01-12 10:42:01] /Users/wanliqun/project/www/stuff/coolphp/trunk/db.php (165) MysqlAdapter->connect()
[16-01-12 10:42:01] /Users/wanliqun/project/www/stuff/coolphp/trunk/corex/db/mysqladapter.php (25) Db->__construct(array (  'adapter' => 'Mysql',  'charset' => 'utf8',  'hostname' => 'localhost',  'username' => 'root',  'password' => '1314521',  'database' => 'iprank',  'pconnect' => true,  'hostport' => '3306',  'is_master' => true,  'debug' => true,  'server' =>   array (    'server1' =>     array (      'hostname' => 'localhost',      'username' => 'username',      'password' => 'password',      'database' => 'database',      'pconnect' => true,      'hostport' => '3306',      'is_master' => true,    ),    'server2' =>     array (      'hostname' => 'localhost',      'username' => 'username',      'password' => 'password',      'database' => 'database',      'pconnect' => true,      'hostport' => '3306',      'is_master' => false,    ),  ),))
[16-01-12 10:42:01] /Users/wanliqun/project/www/stuff/coolphp/trunk/db.php (152) MysqlAdapter->__construct(array (  'adapter' => 'Mysql',  'charset' => 'utf8',  'hostname' => 'localhost',  'username' => 'root',  'password' => '1314521',  'database' => 'iprank',  'pconnect' => true,  'hostport' => '3306',  'is_master' => true,  'debug' => true,  'server' =>   array (    'server1' =>     array (      'hostname' => 'localhost',      'username' => 'username',      'password' => 'password',      'database' => 'database',      'pconnect' => true,      'hostport' => '3306',      'is_master' => true,    ),    'server2' =>     array (      'hostname' => 'localhost',      'username' => 'username',      'password' => 'password',      'database' => 'database',      'pconnect' => true,      'hostport' => '3306',      'is_master' => false,    ),  ),))
[16-01-12 10:42:01] /Users/wanliqun/project/www/stuff/coolphp/trunk/db.php (132) Db::factory(array (  'adapter' => 'Mysql',  'charset' => 'utf8',  'hostname' => 'localhost',  'username' => 'root',  'password' => '1314521',  'database' => 'iprank',  'pconnect' => true,  'hostport' => '3306',  'is_master' => true,  'debug' => true,  'server' =>   array (    'server1' =>     array (      'hostname' => 'localhost',      'username' => 'username',      'password' => 'password',      'database' => 'database',      'pconnect' => true,      'hostport' => '3306',      'is_master' => true,    ),    'server2' =>     array (      'hostname' => 'localhost',      'username' => 'username',      'password' => 'password',      'database' => 'database',      'pconnect' => true,      'hostport' => '3306',      'is_master' => false,    ),  ),))
[16-01-12 10:42:01] /Users/wanliqun/project/www/stuff/coolphp/trunk/model.php (114) Db::getInstance()
[16-01-12 10:42:01] /Users/wanliqun/project/www/stuff/coolphp/trunk/itbeing.php (92) Model->__construct()
[16-01-12 10:42:01] /Users/wanliqun/project/www/stuff/coolphp/trunk/itbeing/sysconfig.php (50) Itbeing::loadModel(sys_configs)
[16-01-12 10:42:01] /Users/wanliqun/project/thegameabc/iPrank/project/iprank.tv/www/app/appcontroller.php (78) Itbeing_SysConfig->getConfigs(, 1)
[16-01-12 10:42:01] /Users/wanliqun/project/thegameabc/iPrank/project/iprank.tv/www/app/appcontroller.php (29) AppController->loadSysConfig()
[16-01-12 10:42:01] /Users/wanliqun/project/www/stuff/coolphp/trunk/controller.php (102) AppController->init()
[16-01-12 10:42:01] /Users/wanliqun/project/thegameabc/iPrank/project/iprank.tv/www/app/appcontroller.php (22) Controller->__construct()
[16-01-12 10:42:01] /Users/wanliqun/project/www/stuff/coolphp/trunk/controller.php (91) AppController->__construct()
[16-01-12 10:42:01] /Users/wanliqun/project/www/stuff/coolphp/trunk/app.php (155) Controller::loadController(site)
[16-01-12 10:42:01] /Users/wanliqun/project/thegameabc/iPrank/project/iprank.tv/www/index.php (25) App->run()
Start Logging [2016-01-12 11:50:12 0.56317200]==============
[2016-01-12 11:50:12] REQUEST_URI: /
[2016-01-12 11:50:12] [notice] Notice:[8192] mysql_pconnect(): The mysql extension is deprecated and will be removed in the future: use mysqli or PDO instead mysqladapter.php at 96 row.
[2016-01-12 11:50:12] [log] Query SQL:SELECT * FROM `sys_configs` WHERE ((`status` = 1)) ORDER BY sorts DESC,id ASC
Use time:0.02552
[2016-01-12 11:50:12] [log] Query SQL:SELECT `fk_post_id`,`cover_url` FROM `featured_posts` WHERE ((`status` = 1)) ORDER BY position DESC,featured_at DESC LIMIT 0,4
Use time:0.01091
[2016-01-12 11:50:12] [log] Query SQL:SELECT `pk_id`,`btitle`,`type`,`cover_url` FROM `posts` WHERE ((`pk_id` IN ('45041','45028','45092','43732'))) LIMIT 0,4
Use time:0.00514
[2016-01-12 11:50:12] [log] Query SQL:SELECT `pk_id`,`btitle`,`type`,`fk_channel_id`,`fk_channel_name`,`fk_member_id`,`fk_user_name`,`media_ids`,`created_at` FROM `posts` WHERE ((`status` = 1)) ORDER BY created_at DESC LIMIT 0,30
Use time:0.02268
[2016-01-12 11:50:12] [log] Query SQL:SELECT `pk_id`,`src_from` FROM `medias` WHERE ((`pk_id` IN (45132,45131,45145,45130,45140,45177,45128,45116,45127,45117,45110,45115,45088,45099,45089,45092,45094,45090,45095,45035,45056,45074,45041,45028,45011,45010,44465,44444,43796,44082)))
Use time:0.00396
[2016-01-12 11:50:12] [log] Query SQL:SELECT `fk_post_id`,(default_liked + newly_liked) AS `num_liked`,(default_disliked + newly_disliked) AS `num_disliked`,(default_favorited + newly_favorited) AS `num_favorited`,`newly_commented` AS `num_commented`,(default_viewed + newly_viewed) AS `num_viewed` FROM `post_statistics` WHERE ((`fk_post_id` IN (45132,45131,45145,45130,45140,45177,45128,45116,45127,45117,45110,45115,45088,45099,45089,45092,45094,45090,45095,45035,45056,45074,45041,45028,45011,45010,44465,44444,43796,44082)))
Use time:0.01116
[2016-01-12 11:50:13] [log] Query SQL:SELECT  ps.`created_at`, (ps.`default_viewed` + ps.`newly_viewed`) as `num_viewed`, (ps.`default_liked` + ps.`newly_liked`) as `num_liked`, (ps.`default_commented` + ps.`newly_commented`) as `num_commented`, ((ps.`default_viewed` + ps.`newly_viewed`) * 0.001 + (ps.`default_liked` + ps.`newly_liked`) * 0.2 + (ps.`default_commented` + ps.`newly_commented`) * 1) / GREATEST(TIMESTAMPDIFF(SECOND, ps.`created_at`, NOW()) / 86400, 1.0) as `weight`, ps.`newly_commented`,		p.`pk_id`, p.`btitle`, p.`type`, p.`cover_url`	FROM `post_statistics` as ps, `posts` as p	WHERE ps.`fk_post_id` = p.`pk_id` AND p.`status` = 1		AND ps.`created_at` >= '1970-01-01 00:00:00' AND ps.`created_at` < '9999-01-01 00:00:00' 	ORDER BY ((ps.`default_viewed` + ps.`newly_viewed`) * 0.001 + (ps.`default_liked` + ps.`newly_liked`) * 0.2 + (ps.`default_commented` + ps.`newly_commented`) * 1) / GREATEST(TIMESTAMPDIFF(SECOND, ps.`created_at`, NOW()) / 86400, 1.0) DESC, ps.`created_at` DESC LIMIT 0, 20;		
Use time:0.56140
[2016-01-12 11:50:13] [notice] Notice:[2] Missing argument 1 for AppController::debug() appcontroller.php at 250 row.
[2016-01-12 11:50:13] [log] Process: 0.799s ( Load:0.0s Init:0.013s Exec:0.770s Template:0.016s )
Start Logging [2016-01-12 11:50:13 0.56910500]==============
[2016-01-12 11:50:13] REQUEST_URI: /min/?g=css
[2016-01-12 11:50:13] [notice] Notice:[8192] mysql_pconnect(): The mysql extension is deprecated and will be removed in the future: use mysqli or PDO instead mysqladapter.php at 96 row.
[2016-01-12 11:50:13] [log] Query SQL:SELECT * FROM `sys_configs` WHERE ((`status` = 1)) ORDER BY sorts DESC,id ASC
Use time:0.00029
Start Logging [2016-01-12 11:50:13 0.66249400]==============
[2016-01-12 11:50:13] REQUEST_URI: /min/?g=js
[2016-01-12 11:50:13] [notice] Notice:[8192] mysql_pconnect(): The mysql extension is deprecated and will be removed in the future: use mysqli or PDO instead mysqladapter.php at 96 row.
[2016-01-12 11:50:13] [log] Query SQL:SELECT * FROM `sys_configs` WHERE ((`status` = 1)) ORDER BY sorts DESC,id ASC
Use time:0.00074
Start Logging [2016-01-12 11:50:13 0.72273300]==============
[2016-01-12 11:50:13] REQUEST_URI: /min/?f=youtube.js,home.js&b=public/js
[2016-01-12 11:50:13] [notice] Notice:[8192] mysql_pconnect(): The mysql extension is deprecated and will be removed in the future: use mysqli or PDO instead mysqladapter.php at 96 row.
[2016-01-12 11:50:13] [log] Query SQL:SELECT * FROM `sys_configs` WHERE ((`status` = 1)) ORDER BY sorts DESC,id ASC
Use time:0.00045
Start Logging [2016-01-12 11:50:14 0.72977200]==============
[2016-01-12 11:50:14] REQUEST_URI: /?c=js&a=post_actionbox&postids=45132%2C45131%2C45145%2C45130%2C45140%2C45177%2C45128%2C45116%2C45127%2C45117%2C45110%2C45115%2C45088%2C45099%2C45089%2C45092%2C45094%2C45090%2C45095%2C45035%2C45056%2C45074%2C45041%2C45028%2C45011%2C45010%2C44465%2C44444%2C43796%2C44082&_=1452599414673
[2016-01-12 11:50:14] [notice] Notice:[8192] mysql_pconnect(): The mysql extension is deprecated and will be removed in the future: use mysqli or PDO instead mysqladapter.php at 96 row.
[2016-01-12 11:50:14] [log] Query SQL:SELECT * FROM `sys_configs` WHERE ((`status` = 1)) ORDER BY sorts DESC,id ASC
Use time:0.00042
Start Logging [2016-01-12 11:50:33 0.77555600]==============
[2016-01-12 11:50:33] REQUEST_URI: /
[2016-01-12 11:50:33] [notice] Notice:[8192] mysql_pconnect(): The mysql extension is deprecated and will be removed in the future: use mysqli or PDO instead mysqladapter.php at 96 row.
[2016-01-12 11:50:33] [log] Query SQL:SELECT * FROM `sys_configs` WHERE ((`status` = 1)) ORDER BY sorts DESC,id ASC
Use time:0.00039
[2016-01-12 11:50:33] [log] Query SQL:SELECT `fk_post_id`,`cover_url` FROM `featured_posts` WHERE ((`status` = 1)) ORDER BY position DESC,featured_at DESC LIMIT 0,4
Use time:0.00530
[2016-01-12 11:50:33] [log] Query SQL:SELECT `pk_id`,`btitle`,`type`,`cover_url` FROM `posts` WHERE ((`pk_id` IN ('45041','45028','45092','43732'))) LIMIT 0,4
Use time:0.00045
[2016-01-12 11:50:33] [log] Query SQL:SELECT `pk_id`,`btitle`,`type`,`fk_channel_id`,`fk_channel_name`,`fk_member_id`,`fk_user_name`,`media_ids`,`created_at` FROM `posts` WHERE ((`status` = 1)) ORDER BY created_at DESC LIMIT 0,30
Use time:0.00456
[2016-01-12 11:50:33] [log] Query SQL:SELECT `pk_id`,`src_from` FROM `medias` WHERE ((`pk_id` IN (45132,45131,45145,45130,45140,45177,45128,45116,45127,45117,45110,45115,45088,45099,45089,45092,45094,45090,45095,45035,45056,45074,45041,45028,45011,45010,44465,44444,43796,44082)))
Use time:0.00302
[2016-01-12 11:50:33] [log] Query SQL:SELECT `fk_post_id`,(default_liked + newly_liked) AS `num_liked`,(default_disliked + newly_disliked) AS `num_disliked`,(default_favorited + newly_favorited) AS `num_favorited`,`newly_commented` AS `num_commented`,(default_viewed + newly_viewed) AS `num_viewed` FROM `post_statistics` WHERE ((`fk_post_id` IN (45132,45131,45145,45130,45140,45177,45128,45116,45127,45117,45110,45115,45088,45099,45089,45092,45094,45090,45095,45035,45056,45074,45041,45028,45011,45010,44465,44444,43796,44082)))
Use time:0.00069
[2016-01-12 11:50:34] [log] Query SQL:SELECT  ps.`created_at`, (ps.`default_viewed` + ps.`newly_viewed`) as `num_viewed`, (ps.`default_liked` + ps.`newly_liked`) as `num_liked`, (ps.`default_commented` + ps.`newly_commented`) as `num_commented`, ((ps.`default_viewed` + ps.`newly_viewed`) * 0.001 + (ps.`default_liked` + ps.`newly_liked`) * 0.2 + (ps.`default_commented` + ps.`newly_commented`) * 1) / GREATEST(TIMESTAMPDIFF(SECOND, ps.`created_at`, NOW()) / 86400, 1.0) as `weight`, ps.`newly_commented`,		p.`pk_id`, p.`btitle`, p.`type`, p.`cover_url`	FROM `post_statistics` as ps, `posts` as p	WHERE ps.`fk_post_id` = p.`pk_id` AND p.`status` = 1		AND ps.`created_at` >= '1970-01-01 00:00:00' AND ps.`created_at` < '9999-01-01 00:00:00' 	ORDER BY ((ps.`default_viewed` + ps.`newly_viewed`) * 0.001 + (ps.`default_liked` + ps.`newly_liked`) * 0.2 + (ps.`default_commented` + ps.`newly_commented`) * 1) / GREATEST(TIMESTAMPDIFF(SECOND, ps.`created_at`, NOW()) / 86400, 1.0) DESC, ps.`created_at` DESC LIMIT 0, 20;		
Use time:0.37131
[2016-01-12 11:50:34] [notice] Notice:[2] Missing argument 1 for AppController::debug() appcontroller.php at 250 row.
[2016-01-12 11:50:34] [log] Process: 0.454s ( Load:0.0s Init:0.009s Exec:0.432s Template:0.013s )
Start Logging [2016-01-12 11:50:34 0.30448300]==============
[2016-01-12 11:50:34] REQUEST_URI: /min/?g=css
[2016-01-12 11:50:34] [notice] Notice:[8192] mysql_pconnect(): The mysql extension is deprecated and will be removed in the future: use mysqli or PDO instead mysqladapter.php at 96 row.
[2016-01-12 11:50:34] [log] Query SQL:SELECT * FROM `sys_configs` WHERE ((`status` = 1)) ORDER BY sorts DESC,id ASC
Use time:0.00030
Start Logging [2016-01-12 11:50:34 0.37996600]==============
[2016-01-12 11:50:34] REQUEST_URI: /min/?f=youtube.js,home.js&b=public/js
[2016-01-12 11:50:34] [notice] Notice:[8192] mysql_pconnect(): The mysql extension is deprecated and will be removed in the future: use mysqli or PDO instead mysqladapter.php at 96 row.
[2016-01-12 11:50:34] [log] Query SQL:SELECT * FROM `sys_configs` WHERE ((`status` = 1)) ORDER BY sorts DESC,id ASC
Use time:0.00028
Start Logging [2016-01-12 11:50:34 0.42362800]==============
[2016-01-12 11:50:34] REQUEST_URI: /min/?g=js
[2016-01-12 11:50:34] [notice] Notice:[8192] mysql_pconnect(): The mysql extension is deprecated and will be removed in the future: use mysqli or PDO instead mysqladapter.php at 96 row.
[2016-01-12 11:50:34] [log] Query SQL:SELECT * FROM `sys_configs` WHERE ((`status` = 1)) ORDER BY sorts DESC,id ASC
Use time:0.00109
Start Logging [2016-01-12 11:50:35 0.73485500]==============
[2016-01-12 11:50:35] REQUEST_URI: /min/?g=js
[2016-01-12 11:50:35] [notice] Notice:[8192] mysql_pconnect(): The mysql extension is deprecated and will be removed in the future: use mysqli or PDO instead mysqladapter.php at 96 row.
[2016-01-12 11:50:35] [log] Query SQL:SELECT * FROM `sys_configs` WHERE ((`status` = 1)) ORDER BY sorts DESC,id ASC
Use time:0.00036
Start Logging [2016-01-12 11:50:36 0.72402700]==============
[2016-01-12 11:50:36] REQUEST_URI: /?c=js&a=post_actionbox&postids=45132%2C45131%2C45145%2C45130%2C45140%2C45177%2C45128%2C45116%2C45127%2C45117%2C45110%2C45115%2C45088%2C45099%2C45089%2C45092%2C45094%2C45090%2C45095%2C45035%2C45056%2C45074%2C45041%2C45028%2C45011%2C45010%2C44465%2C44444%2C43796%2C44082&_=1452599436308
[2016-01-12 11:50:36] [notice] Notice:[8192] mysql_pconnect(): The mysql extension is deprecated and will be removed in the future: use mysqli or PDO instead mysqladapter.php at 96 row.
[2016-01-12 11:50:36] [log] Query SQL:SELECT * FROM `sys_configs` WHERE ((`status` = 1)) ORDER BY sorts DESC,id ASC
Use time:0.00055
