Start Logging [2016-03-05 00:44:01 0.77724900]==============
[2016-03-05 00:44:01] REQUEST_URI: /
[2016-03-05 00:44:01] [notice] Notice:[8192] mysql_pconnect(): The mysql extension is deprecated and will be removed in the future: use mysqli or PDO instead mysqladapter.php at 96 row.
[2016-03-05 00:44:01] [notice] Notice:[8] mysql_pconnect(): send of 5 bytes failed with errno=32 Broken pipe mysqladapter.php at 96 row.
[2016-03-05 00:44:01] [log] Query SQL:SELECT * FROM `sys_configs` WHERE ((`status` = 1)) ORDER BY sorts DESC,id ASC
Use time:0.03458
[2016-03-05 00:44:02] [log] Query SQL:SELECT `fk_post_id`,`cover_url` FROM `featured_posts` WHERE ((`status` = 1)) ORDER BY position DESC,featured_at DESC LIMIT 0,4
Use time:0.03463
[2016-03-05 00:44:02] [log] Query SQL:SELECT `pk_id`,`btitle`,`type`,`cover_url` FROM `posts` WHERE ((`pk_id` IN ('45041','45028','45092','43732'))) LIMIT 0,4
Use time:0.02200
[2016-03-05 00:44:02] [log] Query SQL:SELECT `pk_id`,`btitle`,`type`,`fk_channel_id`,`fk_channel_name`,`fk_member_id`,`fk_user_name`,`media_ids`,`created_at` FROM `posts` WHERE ((`status` = 1)) ORDER BY created_at DESC LIMIT 0,30
Use time:0.03012
[2016-03-05 00:44:02] [log] Query SQL:SELECT `pk_id`,`src_from` FROM `medias` WHERE ((`pk_id` IN (45131,45145,45140,45177,45128,45127,45117,45110,45115,45088,45099,45089,45092,45094,45090,45095,45035,45056,45074,45041,45028,45011,45010,44465,44444,43796,44082,43945,44424,44425)))
Use time:0.04306
[2016-03-05 00:44:02] [log] Query SQL:SELECT `fk_post_id`,(default_liked + newly_liked) AS `num_liked`,(default_disliked + newly_disliked) AS `num_disliked`,(default_favorited + newly_favorited) AS `num_favorited`,`newly_commented` AS `num_commented`,(default_viewed + newly_viewed) AS `num_viewed` FROM `post_statistics` WHERE ((`fk_post_id` IN (45131,45145,45140,45177,45128,45127,45117,45110,45115,45088,45099,45089,45092,45094,45090,45095,45035,45056,45074,45041,45028,45011,45010,44465,44444,43796,44082,43945,44424,44425)))
Use time:0.15819
[2016-03-05 00:44:03] [log] Query SQL:SELECT  ps.`created_at`, (ps.`default_viewed` + ps.`newly_viewed`) as `num_viewed`, (ps.`default_liked` + ps.`newly_liked`) as `num_liked`, (ps.`default_commented` + ps.`newly_commented`) as `num_commented`, ((ps.`default_viewed` + ps.`newly_viewed`) * 0.001 + (ps.`default_liked` + ps.`newly_liked`) * 0.2 + (ps.`default_commented` + ps.`newly_commented`) * 1) / GREATEST(TIMESTAMPDIFF(SECOND, ps.`created_at`, NOW()) / 86400, 1.0) as `weight`, ps.`newly_commented`,		p.`pk_id`, p.`btitle`, p.`type`, p.`cover_url`	FROM `post_statistics` as ps, `posts` as p	WHERE ps.`fk_post_id` = p.`pk_id` AND p.`status` = 1		AND ps.`created_at` >= '1970-01-01 00:00:00' AND ps.`created_at` < '9999-01-01 00:00:00' 	ORDER BY ((ps.`default_viewed` + ps.`newly_viewed`) * 0.001 + (ps.`default_liked` + ps.`newly_liked`) * 0.2 + (ps.`default_commented` + ps.`newly_commented`) * 1) / GREATEST(TIMESTAMPDIFF(SECOND, ps.`created_at`, NOW()) / 86400, 1.0) DESC, ps.`created_at` DESC LIMIT 0, 20;		
Use time:0.75999
[2016-03-05 00:44:03] [notice] Notice:[2] Missing argument 1 for AppController::debug() appcontroller.php at 250 row.
[2016-03-05 00:44:03] [log] Process: 1.462s ( Load:0.0s Init:0.085s Exec:1.355s Template:0.022s )
Start Logging [2016-03-05 00:44:03 0.49526300]==============
[2016-03-05 00:44:03] REQUEST_URI: /min/?g=css
[2016-03-05 00:44:03] [notice] Notice:[8192] mysql_pconnect(): The mysql extension is deprecated and will be removed in the future: use mysqli or PDO instead mysqladapter.php at 96 row.
[2016-03-05 00:44:03] [log] Query SQL:SELECT * FROM `sys_configs` WHERE ((`status` = 1)) ORDER BY sorts DESC,id ASC
Use time:0.03383
Start Logging [2016-03-05 00:44:03 0.80153000]==============
[2016-03-05 00:44:03] REQUEST_URI: /min/?f=youtube.js,home.js&b=public/js
[2016-03-05 00:44:03] [notice] Notice:[8192] mysql_pconnect(): The mysql extension is deprecated and will be removed in the future: use mysqli or PDO instead mysqladapter.php at 96 row.
[2016-03-05 00:44:03] [notice] Notice:[8] mysql_pconnect(): send of 5 bytes failed with errno=32 Broken pipe mysqladapter.php at 96 row.
[2016-03-05 00:44:03] [log] Query SQL:SELECT * FROM `sys_configs` WHERE ((`status` = 1)) ORDER BY sorts DESC,id ASC
Use time:0.00256
Start Logging [2016-03-05 00:44:03 0.89112200]==============
[2016-03-05 00:44:03] REQUEST_URI: /min/?g=js
[2016-03-05 00:44:03] [notice] Notice:[8192] mysql_pconnect(): The mysql extension is deprecated and will be removed in the future: use mysqli or PDO instead mysqladapter.php at 96 row.
[2016-03-05 00:44:03] [notice] Notice:[8] mysql_pconnect(): send of 5 bytes failed with errno=32 Broken pipe mysqladapter.php at 96 row.
[2016-03-05 00:44:03] [log] Query SQL:SELECT * FROM `sys_configs` WHERE ((`status` = 1)) ORDER BY sorts DESC,id ASC
Use time:0.00757
Start Logging [2016-03-05 00:44:09 0.72410000]==============
[2016-03-05 00:44:09] REQUEST_URI: /min/?f=youtube.js,home.js&b=public/js
[2016-03-05 00:44:09] [notice] Notice:[8192] mysql_pconnect(): The mysql extension is deprecated and will be removed in the future: use mysqli or PDO instead mysqladapter.php at 96 row.
[2016-03-05 00:44:09] [notice] Notice:[8] mysql_pconnect(): send of 5 bytes failed with errno=32 Broken pipe mysqladapter.php at 96 row.
[2016-03-05 00:44:10] [log] Query SQL:SELECT * FROM `sys_configs` WHERE ((`status` = 1)) ORDER BY sorts DESC,id ASC
Use time:0.04494
Start Logging [2016-03-05 00:44:13 0.82334900]==============
[2016-03-05 00:44:13] REQUEST_URI: /?c=js&a=post_actionbox&postids=45131%2C45145%2C45140%2C45177%2C45128%2C45127%2C45117%2C45110%2C45115%2C45088%2C45099%2C45089%2C45092%2C45094%2C45090%2C45095%2C45035%2C45056%2C45074%2C45041%2C45028%2C45011%2C45010%2C44465%2C44444%2C43796%2C44082%2C43945%2C44424%2C44425&_=1457138647665
[2016-03-05 00:44:13] [notice] Notice:[8192] mysql_pconnect(): The mysql extension is deprecated and will be removed in the future: use mysqli or PDO instead mysqladapter.php at 96 row.
[2016-03-05 00:44:13] [notice] Notice:[8] mysql_pconnect(): send of 5 bytes failed with errno=32 Broken pipe mysqladapter.php at 96 row.
[2016-03-05 00:44:14] [log] Query SQL:SELECT * FROM `sys_configs` WHERE ((`status` = 1)) ORDER BY sorts DESC,id ASC
Use time:0.01206
[2016-03-05 00:44:14] [log] Query SQL:SELECT * FROM `liked_posts` WHERE ((`fk_user_name` = 'wanliqun' AND `fk_post_id` IN ('45131','45145','45140','45177','45128','45127','45117','45110','45115','45088','45099','45089','45092','45094','45090','45095','45035','45056','45074','45041','45028','45011','45010','44465','44444','43796','44082','43945','44424','44425')))
Use time:0.02567
[2016-03-05 00:44:14] [log] Query SQL:SELECT * FROM `favorited_posts` WHERE ((`fk_user_name` = 'wanliqun' AND `fk_post_id` IN ('45131','45145','45140','45177','45128','45127','45117','45110','45115','45088','45099','45089','45092','45094','45090','45095','45035','45056','45074','45041','45028','45011','45010','44465','44444','43796','44082','43945','44424','44425')))
Use time:0.01205
[2016-03-05 00:44:14] [notice] Notice:[8] Undefined offset: 45131 js.php at 29 row.
[2016-03-05 00:44:14] [notice] Notice:[8] Undefined offset: 45145 js.php at 29 row.
[2016-03-05 00:44:14] [notice] Notice:[8] Undefined offset: 45140 js.php at 29 row.
[2016-03-05 00:44:14] [notice] Notice:[8] Undefined offset: 45177 js.php at 29 row.
[2016-03-05 00:44:14] [notice] Notice:[8] Undefined offset: 45128 js.php at 29 row.
[2016-03-05 00:44:14] [notice] Notice:[8] Undefined offset: 45127 js.php at 29 row.
[2016-03-05 00:44:14] [notice] Notice:[8] Undefined offset: 45117 js.php at 29 row.
[2016-03-05 00:44:14] [notice] Notice:[8] Undefined offset: 45110 js.php at 29 row.
[2016-03-05 00:44:14] [notice] Notice:[8] Undefined offset: 45115 js.php at 29 row.
[2016-03-05 00:44:14] [notice] Notice:[8] Undefined offset: 45088 js.php at 29 row.
[2016-03-05 00:44:14] [notice] Notice:[8] Undefined offset: 45099 js.php at 29 row.
[2016-03-05 00:44:14] [notice] Notice:[8] Undefined offset: 45089 js.php at 29 row.
[2016-03-05 00:44:14] [notice] Notice:[8] Undefined offset: 45092 js.php at 29 row.
[2016-03-05 00:44:14] [notice] Notice:[8] Undefined offset: 45094 js.php at 29 row.
[2016-03-05 00:44:14] [notice] Notice:[8] Undefined offset: 45090 js.php at 29 row.
[2016-03-05 00:44:14] [notice] Notice:[8] Undefined offset: 45095 js.php at 29 row.
[2016-03-05 00:44:14] [notice] Notice:[8] Undefined offset: 45035 js.php at 29 row.
[2016-03-05 00:44:14] [notice] Notice:[8] Undefined offset: 45056 js.php at 29 row.
[2016-03-05 00:44:14] [notice] Notice:[8] Undefined offset: 45074 js.php at 29 row.
[2016-03-05 00:44:14] [notice] Notice:[8] Undefined offset: 45041 js.php at 29 row.
[2016-03-05 00:44:14] [notice] Notice:[8] Undefined offset: 45028 js.php at 29 row.
[2016-03-05 00:44:14] [notice] Notice:[8] Undefined offset: 45011 js.php at 29 row.
[2016-03-05 00:44:14] [notice] Notice:[8] Undefined offset: 45010 js.php at 29 row.
[2016-03-05 00:44:14] [notice] Notice:[8] Undefined offset: 44465 js.php at 29 row.
[2016-03-05 00:44:14] [notice] Notice:[8] Undefined offset: 44444 js.php at 29 row.
[2016-03-05 00:44:14] [notice] Notice:[8] Undefined offset: 43796 js.php at 29 row.
[2016-03-05 00:44:14] [notice] Notice:[8] Undefined offset: 44082 js.php at 29 row.
[2016-03-05 00:44:14] [notice] Notice:[8] Undefined offset: 43945 js.php at 29 row.
[2016-03-05 00:44:14] [notice] Notice:[8] Undefined offset: 44424 js.php at 29 row.
[2016-03-05 00:44:14] [notice] Notice:[8] Undefined offset: 44425 js.php at 29 row.
[2016-03-05 00:44:14] [notice] Notice:[2] Missing argument 1 for AppController::debug() appcontroller.php at 250 row.
[2016-03-05 00:44:14] [log] Process: 1.616s ( Load:0.0s Init:0.656s Exec:0.850s Template:0.110s )
Start Logging [2016-03-05 00:44:18 0.47269300]==============
[2016-03-05 00:44:18] REQUEST_URI: /?c=ajax&a=loadmore&last_timestamp=1441969203&format=json
[2016-03-05 00:44:18] [notice] Notice:[8192] mysql_pconnect(): The mysql extension is deprecated and will be removed in the future: use mysqli or PDO instead mysqladapter.php at 96 row.
[2016-03-05 00:44:18] [log] Query SQL:SELECT * FROM `sys_configs` WHERE ((`status` = 1)) ORDER BY sorts DESC,id ASC
Use time:0.06728
[2016-03-05 00:44:18] [log] Query SQL:SELECT `pk_id`,`btitle`,`type`,`fk_channel_id`,`fk_channel_name`,`fk_member_id`,`fk_user_name`,`media_ids`,`created_at` FROM `posts` WHERE ((`status` = 1 AND `created_at` < '2015-09-11 11:00:03')) ORDER BY created_at DESC LIMIT 0,30
Use time:0.11601
[2016-03-05 00:44:18] [log] Query SQL:SELECT `pk_id`,`src_from` FROM `medias` WHERE ((`pk_id` IN (44284,44083,43713,43790,43727,43783,43715,43716,43717,43747,43722,43699,43793,43729,43735,43785,43720,43736,43732,43700,43721,43601,43616,43553,43657,43548,43556,43558,43613,43666)))
Use time:0.02931
[2016-03-05 00:44:18] [log] Query SQL:SELECT `fk_post_id`,(default_liked + newly_liked) AS `num_liked`,(default_disliked + newly_disliked) AS `num_disliked`,(default_favorited + newly_favorited) AS `num_favorited`,`newly_commented` AS `num_commented`,(default_viewed + newly_viewed) AS `num_viewed` FROM `post_statistics` WHERE ((`fk_post_id` IN (44284,44083,43713,43790,43727,43783,43715,43716,43717,43747,43722,43699,43793,43729,43735,43785,43720,43736,43732,43700,43721,43601,43616,43553,43657,43548,43556,43558,43613,43666)))
Use time:0.03107
[2016-03-05 00:44:19] [notice] Notice:[8] Undefined index: html ajax.php at 24 row.
[2016-03-05 00:44:19] [notice] Notice:[2] Missing argument 1 for AppController::debug() appcontroller.php at 250 row.
[2016-03-05 00:44:19] [notice] Notice:[8] Undefined variable: posts loadmore_json.php at 13 row.
[2016-03-05 00:44:19] [log] Process: 1.101s ( Load:0.0s Init:0.127s Exec:0.820s Template:0.155s )
Start Logging [2016-03-05 00:44:19 0.70511600]==============
[2016-03-05 00:44:19] REQUEST_URI: /?c=js&a=post_actionbox&postids=44284%2C44083%2C43713%2C43790%2C43727%2C43783%2C43715%2C43716%2C43717%2C43747%2C43722%2C43699%2C43793%2C43729%2C43735%2C43785%2C43720%2C43736%2C43732%2C43700%2C43721%2C43601%2C43616%2C43553%2C43657%2C43548%2C43556%2C43558%2C43613%2C43666&_=1457138647666
[2016-03-05 00:44:19] [notice] Notice:[8192] mysql_pconnect(): The mysql extension is deprecated and will be removed in the future: use mysqli or PDO instead mysqladapter.php at 96 row.
[2016-03-05 00:44:19] [log] Query SQL:SELECT * FROM `sys_configs` WHERE ((`status` = 1)) ORDER BY sorts DESC,id ASC
Use time:0.00036
[2016-03-05 00:44:19] [log] Query SQL:SELECT * FROM `liked_posts` WHERE ((`fk_user_name` = 'wanliqun' AND `fk_post_id` IN ('44284','44083','43713','43790','43727','43783','43715','43716','43717','43747','43722','43699','43793','43729','43735','43785','43720','43736','43732','43700','43721','43601','43616','43553','43657','43548','43556','43558','43613','43666')))
Use time:0.00147
[2016-03-05 00:44:19] [log] Query SQL:SELECT * FROM `favorited_posts` WHERE ((`fk_user_name` = 'wanliqun' AND `fk_post_id` IN ('44284','44083','43713','43790','43727','43783','43715','43716','43717','43747','43722','43699','43793','43729','43735','43785','43720','43736','43732','43700','43721','43601','43616','43553','43657','43548','43556','43558','43613','43666')))
Use time:0.00406
[2016-03-05 00:44:19] [notice] Notice:[8] Undefined offset: 44284 js.php at 29 row.
[2016-03-05 00:44:19] [notice] Notice:[8] Undefined offset: 44083 js.php at 29 row.
[2016-03-05 00:44:19] [notice] Notice:[8] Undefined offset: 43713 js.php at 29 row.
[2016-03-05 00:44:19] [notice] Notice:[8] Undefined offset: 43790 js.php at 29 row.
[2016-03-05 00:44:19] [notice] Notice:[8] Undefined offset: 43727 js.php at 29 row.
[2016-03-05 00:44:19] [notice] Notice:[8] Undefined offset: 43783 js.php at 29 row.
[2016-03-05 00:44:19] [notice] Notice:[8] Undefined offset: 43715 js.php at 29 row.
[2016-03-05 00:44:19] [notice] Notice:[8] Undefined offset: 43716 js.php at 29 row.
[2016-03-05 00:44:19] [notice] Notice:[8] Undefined offset: 43717 js.php at 29 row.
[2016-03-05 00:44:19] [notice] Notice:[8] Undefined offset: 43747 js.php at 29 row.
[2016-03-05 00:44:19] [notice] Notice:[8] Undefined offset: 43722 js.php at 29 row.
[2016-03-05 00:44:19] [notice] Notice:[8] Undefined offset: 43699 js.php at 29 row.
[2016-03-05 00:44:19] [notice] Notice:[8] Undefined offset: 43793 js.php at 29 row.
[2016-03-05 00:44:19] [notice] Notice:[8] Undefined offset: 43729 js.php at 29 row.
[2016-03-05 00:44:19] [notice] Notice:[8] Undefined offset: 43735 js.php at 29 row.
[2016-03-05 00:44:19] [notice] Notice:[8] Undefined offset: 43785 js.php at 29 row.
[2016-03-05 00:44:19] [notice] Notice:[8] Undefined offset: 43720 js.php at 29 row.
[2016-03-05 00:44:19] [notice] Notice:[8] Undefined offset: 43736 js.php at 29 row.
[2016-03-05 00:44:19] [notice] Notice:[8] Undefined offset: 43732 js.php at 29 row.
[2016-03-05 00:44:19] [notice] Notice:[8] Undefined offset: 43700 js.php at 29 row.
[2016-03-05 00:44:19] [notice] Notice:[8] Undefined offset: 43721 js.php at 29 row.
[2016-03-05 00:44:19] [notice] Notice:[8] Undefined offset: 43601 js.php at 29 row.
[2016-03-05 00:44:19] [notice] Notice:[8] Undefined offset: 43616 js.php at 29 row.
[2016-03-05 00:44:19] [notice] Notice:[8] Undefined offset: 43553 js.php at 29 row.
[2016-03-05 00:44:19] [notice] Notice:[8] Undefined offset: 43657 js.php at 29 row.
[2016-03-05 00:44:19] [notice] Notice:[8] Undefined offset: 43548 js.php at 29 row.
[2016-03-05 00:44:19] [notice] Notice:[8] Undefined offset: 43556 js.php at 29 row.
[2016-03-05 00:44:19] [notice] Notice:[8] Undefined offset: 43558 js.php at 29 row.
[2016-03-05 00:44:19] [notice] Notice:[8] Undefined offset: 43613 js.php at 29 row.
[2016-03-05 00:44:19] [notice] Notice:[8] Undefined offset: 43666 js.php at 29 row.
[2016-03-05 00:44:19] [notice] Notice:[2] Missing argument 1 for AppController::debug() appcontroller.php at 250 row.
[2016-03-05 00:44:19] [log] Process: 0.246s ( Load:0.0s Init:0.005s Exec:0.219s Template:0.022s )
Start Logging [2016-03-05 00:44:31 0.52149700]==============
[2016-03-05 00:44:31] REQUEST_URI: /upload
[2016-03-05 00:44:31] [notice] Notice:[8192] mysql_pconnect(): The mysql extension is deprecated and will be removed in the future: use mysqli or PDO instead mysqladapter.php at 96 row.
[2016-03-05 00:44:31] [notice] Notice:[8] mysql_pconnect(): send of 5 bytes failed with errno=32 Broken pipe mysqladapter.php at 96 row.
[2016-03-05 00:44:31] [log] Query SQL:SELECT * FROM `sys_configs` WHERE ((`status` = 1)) ORDER BY sorts DESC,id ASC
Use time:0.02993
[2016-03-05 00:44:31] [notice] Notice:[2] Missing argument 1 for AppController::debug() appcontroller.php at 250 row.
[2016-03-05 00:44:31] [log] Process: 0.482s ( Load:0.0s Init:0.051s Exec:0.423s Template:0.008s )
Start Logging [2016-03-05 00:44:32 0.05215000]==============
[2016-03-05 00:44:32] REQUEST_URI: /min/?g=css
[2016-03-05 00:44:32] [notice] Notice:[8192] mysql_pconnect(): The mysql extension is deprecated and will be removed in the future: use mysqli or PDO instead mysqladapter.php at 96 row.
[2016-03-05 00:44:32] [log] Query SQL:SELECT * FROM `sys_configs` WHERE ((`status` = 1)) ORDER BY sorts DESC,id ASC
Use time:0.00868
Start Logging [2016-03-05 00:44:32 0.25320600]==============
[2016-03-05 00:44:32] REQUEST_URI: /min/?g=js
[2016-03-05 00:44:32] [notice] Notice:[8192] mysql_pconnect(): The mysql extension is deprecated and will be removed in the future: use mysqli or PDO instead mysqladapter.php at 96 row.
[2016-03-05 00:44:32] [log] Query SQL:SELECT * FROM `sys_configs` WHERE ((`status` = 1)) ORDER BY sorts DESC,id ASC
Use time:0.00997
Start Logging [2016-03-05 00:44:32 0.42632500]==============
[2016-03-05 00:44:32] REQUEST_URI: /min/?f=member/upload.js&b=public/js
[2016-03-05 00:44:32] [notice] Notice:[8192] mysql_pconnect(): The mysql extension is deprecated and will be removed in the future: use mysqli or PDO instead mysqladapter.php at 96 row.
[2016-03-05 00:44:32] [notice] Notice:[8] mysql_pconnect(): send of 5 bytes failed with errno=32 Broken pipe mysqladapter.php at 96 row.
[2016-03-05 00:44:32] [log] Query SQL:SELECT * FROM `sys_configs` WHERE ((`status` = 1)) ORDER BY sorts DESC,id ASC
Use time:0.02548
Start Logging [2016-03-05 00:44:32 0.92651500]==============
[2016-03-05 00:44:32] REQUEST_URI: /min/?g=js
[2016-03-05 00:44:32] [notice] Notice:[8192] mysql_pconnect(): The mysql extension is deprecated and will be removed in the future: use mysqli or PDO instead mysqladapter.php at 96 row.
[2016-03-05 00:44:32] [log] Query SQL:SELECT * FROM `sys_configs` WHERE ((`status` = 1)) ORDER BY sorts DESC,id ASC
Use time:0.00058
Start Logging [2016-03-05 00:44:38 0.35503800]==============
[2016-03-05 00:44:38] REQUEST_URI: /upload
[2016-03-05 00:44:38] [notice] Notice:[8192] mysql_pconnect(): The mysql extension is deprecated and will be removed in the future: use mysqli or PDO instead mysqladapter.php at 96 row.
[2016-03-05 00:44:38] [log] Query SQL:SELECT * FROM `sys_configs` WHERE ((`status` = 1)) ORDER BY sorts DESC,id ASC
Use time:0.00054
[2016-03-05 00:44:38] [notice] Notice:[2] Missing argument 1 for AppController::debug() appcontroller.php at 250 row.
[2016-03-05 00:44:38] [log] Process: 0.026s ( Load:0.0s Init:0.005s Exec:0.019s Template:0.002s )
Start Logging [2016-03-05 00:44:38 0.46943700]==============
[2016-03-05 00:44:38] REQUEST_URI: /min/?g=css
[2016-03-05 00:44:38] [notice] Notice:[8192] mysql_pconnect(): The mysql extension is deprecated and will be removed in the future: use mysqli or PDO instead mysqladapter.php at 96 row.
[2016-03-05 00:44:38] [log] Query SQL:SELECT * FROM `sys_configs` WHERE ((`status` = 1)) ORDER BY sorts DESC,id ASC
Use time:0.00040
Start Logging [2016-03-05 00:44:38 0.51035200]==============
[2016-03-05 00:44:38] REQUEST_URI: /min/?f=member/upload.js&b=public/js
[2016-03-05 00:44:38] [notice] Notice:[8192] mysql_pconnect(): The mysql extension is deprecated and will be removed in the future: use mysqli or PDO instead mysqladapter.php at 96 row.
[2016-03-05 00:44:38] [log] Query SQL:SELECT * FROM `sys_configs` WHERE ((`status` = 1)) ORDER BY sorts DESC,id ASC
Use time:0.00074
Start Logging [2016-03-05 00:44:38 0.55200600]==============
[2016-03-05 00:44:38] REQUEST_URI: /min/?g=js
[2016-03-05 00:44:38] [notice] Notice:[8192] mysql_pconnect(): The mysql extension is deprecated and will be removed in the future: use mysqli or PDO instead mysqladapter.php at 96 row.
[2016-03-05 00:44:38] [log] Query SQL:SELECT * FROM `sys_configs` WHERE ((`status` = 1)) ORDER BY sorts DESC,id ASC
Use time:0.01005
Start Logging [2016-03-05 00:44:38 0.85985300]==============
[2016-03-05 00:44:38] REQUEST_URI: /min/?g=js
[2016-03-05 00:44:38] [notice] Notice:[8192] mysql_pconnect(): The mysql extension is deprecated and will be removed in the future: use mysqli or PDO instead mysqladapter.php at 96 row.
[2016-03-05 00:44:38] [notice] Notice:[8] mysql_pconnect(): send of 5 bytes failed with errno=32 Broken pipe mysqladapter.php at 96 row.
[2016-03-05 00:44:38] [log] Query SQL:SELECT * FROM `sys_configs` WHERE ((`status` = 1)) ORDER BY sorts DESC,id ASC
Use time:0.02261
Start Logging [2016-03-05 00:44:39 0.11106800]==============
[2016-03-05 00:44:39] REQUEST_URI: /min/?f=member/upload.js&b=public/js
[2016-03-05 00:44:39] [notice] Notice:[8192] mysql_pconnect(): The mysql extension is deprecated and will be removed in the future: use mysqli or PDO instead mysqladapter.php at 96 row.
[2016-03-05 00:44:39] [log] Query SQL:SELECT * FROM `sys_configs` WHERE ((`status` = 1)) ORDER BY sorts DESC,id ASC
Use time:0.00295
Start Logging [2016-03-05 00:44:39 0.68720900]==============
[2016-03-05 00:44:39] REQUEST_URI: /channels/
[2016-03-05 00:44:39] [notice] Notice:[8192] mysql_pconnect(): The mysql extension is deprecated and will be removed in the future: use mysqli or PDO instead mysqladapter.php at 96 row.
[2016-03-05 00:44:39] [log] Query SQL:SELECT * FROM `sys_configs` WHERE ((`status` = 1)) ORDER BY sorts DESC,id ASC
Use time:0.00041
[2016-03-05 00:44:39] [log] Query SQL:SELECT * FROM `channels` ORDER BY position DESC
Use time:0.08185
[2016-03-05 00:44:40] [log] Query SQL:(SELECT `pk_id`, `btitle`, `type`, `fk_channel_id`, `fk_channel_name`, `cover_url`, `created_at` FROM `posts`  WHERE `fk_channel_id`=1 AND `status`=1 ORDER BY `created_at` DESC LIMIT 12) UNION ALL (SELECT `pk_id`, `btitle`, `type`, `fk_channel_id`, `fk_channel_name`, `cover_url`, `created_at` FROM `posts`  WHERE `fk_channel_id`=2 AND `status`=1 ORDER BY `created_at` DESC LIMIT 12) UNION ALL (SELECT `pk_id`, `btitle`, `type`, `fk_channel_id`, `fk_channel_name`, `cover_url`, `created_at` FROM `posts`  WHERE `fk_channel_id`=3 AND `status`=1 ORDER BY `created_at` DESC LIMIT 12) UNION ALL (SELECT `pk_id`, `btitle`, `type`, `fk_channel_id`, `fk_channel_name`, `cover_url`, `created_at` FROM `posts`  WHERE `fk_channel_id`=4 AND `status`=1 ORDER BY `created_at` DESC LIMIT 12) UNION ALL (SELECT `pk_id`, `btitle`, `type`, `fk_channel_id`, `fk_channel_name`, `cover_url`, `created_at` FROM `posts`  WHERE `fk_channel_id`=11 AND `status`=1 ORDER BY `created_at` DESC LIMIT 12) UNION ALL (SELECT `pk_id`, `btitle`, `type`, `fk_channel_id`, `fk_channel_name`, `cover_url`, `created_at` FROM `posts`  WHERE `fk_channel_id`=12 AND `status`=1 ORDER BY `created_at` DESC LIMIT 12) UNION ALL (SELECT `pk_id`, `btitle`, `type`, `fk_channel_id`, `fk_channel_name`, `cover_url`, `created_at` FROM `posts`  WHERE `fk_channel_id`=13 AND `status`=1 ORDER BY `created_at` DESC LIMIT 12) UNION ALL (SELECT `pk_id`, `btitle`, `type`, `fk_channel_id`, `fk_channel_name`, `cover_url`, `created_at` FROM `posts`  WHERE `fk_channel_id`=5 AND `status`=1 ORDER BY `created_at` DESC LIMIT 12) UNION ALL (SELECT `pk_id`, `btitle`, `type`, `fk_channel_id`, `fk_channel_name`, `cover_url`, `created_at` FROM `posts`  WHERE `fk_channel_id`=6 AND `status`=1 ORDER BY `created_at` DESC LIMIT 12) UNION ALL (SELECT `pk_id`, `btitle`, `type`, `fk_channel_id`, `fk_channel_name`, `cover_url`, `created_at` FROM `posts`  WHERE `fk_channel_id`=7 AND `status`=1 ORDER BY `created_at` DESC LIMIT 12) UNION ALL (SELECT `pk_id`, `btitle`, `type`, `fk_channel_id`, `fk_channel_name`, `cover_url`, `created_at` FROM `posts`  WHERE `fk_channel_id`=8 AND `status`=1 ORDER BY `created_at` DESC LIMIT 12) UNION ALL (SELECT `pk_id`, `btitle`, `type`, `fk_channel_id`, `fk_channel_name`, `cover_url`, `created_at` FROM `posts`  WHERE `fk_channel_id`=9 AND `status`=1 ORDER BY `created_at` DESC LIMIT 12) UNION ALL (SELECT `pk_id`, `btitle`, `type`, `fk_channel_id`, `fk_channel_name`, `cover_url`, `created_at` FROM `posts`  WHERE `fk_channel_id`=10 AND `status`=1 ORDER BY `created_at` DESC LIMIT 12)
Use time:0.49836
[2016-03-05 00:44:40] [notice] Notice:[2] Missing argument 1 for AppController::debug() appcontroller.php at 250 row.
[2016-03-05 00:44:40] [log] Process: 0.656s ( Load:0.0s Init:0.004s Exec:0.606s Template:0.047s )
Start Logging [2016-03-05 00:44:40 0.48516500]==============
[2016-03-05 00:44:40] REQUEST_URI: /min/?g=css
[2016-03-05 00:44:40] [notice] Notice:[8192] mysql_pconnect(): The mysql extension is deprecated and will be removed in the future: use mysqli or PDO instead mysqladapter.php at 96 row.
[2016-03-05 00:44:40] [log] Query SQL:SELECT * FROM `sys_configs` WHERE ((`status` = 1)) ORDER BY sorts DESC,id ASC
Use time:0.00034
Start Logging [2016-03-05 00:44:40 0.51285100]==============
[2016-03-05 00:44:40] REQUEST_URI: /min/?f=bootstrap-paginator.min.js,slick.min.js&b=public/js
[2016-03-05 00:44:40] [notice] Notice:[8192] mysql_pconnect(): The mysql extension is deprecated and will be removed in the future: use mysqli or PDO instead mysqladapter.php at 96 row.
[2016-03-05 00:44:40] [log] Query SQL:SELECT * FROM `sys_configs` WHERE ((`status` = 1)) ORDER BY sorts DESC,id ASC
Use time:0.00054
Start Logging [2016-03-05 00:44:40 0.56708400]==============
[2016-03-05 00:44:40] REQUEST_URI: /min/?g=js
[2016-03-05 00:44:40] [notice] Notice:[8192] mysql_pconnect(): The mysql extension is deprecated and will be removed in the future: use mysqli or PDO instead mysqladapter.php at 96 row.
[2016-03-05 00:44:40] [log] Query SQL:SELECT * FROM `sys_configs` WHERE ((`status` = 1)) ORDER BY sorts DESC,id ASC
Use time:0.00066
Start Logging [2016-03-05 00:44:41 0.31882600]==============
[2016-03-05 00:44:41] REQUEST_URI: /min/?g=js
[2016-03-05 00:44:41] [notice] Notice:[8192] mysql_pconnect(): The mysql extension is deprecated and will be removed in the future: use mysqli or PDO instead mysqladapter.php at 96 row.
[2016-03-05 00:44:41] [log] Query SQL:SELECT * FROM `sys_configs` WHERE ((`status` = 1)) ORDER BY sorts DESC,id ASC
Use time:0.00059
Start Logging [2016-03-05 00:44:53 0.24404200]==============
[2016-03-05 00:44:53] REQUEST_URI: /popular/
[2016-03-05 00:44:53] [notice] Notice:[8192] mysql_pconnect(): The mysql extension is deprecated and will be removed in the future: use mysqli or PDO instead mysqladapter.php at 96 row.
[2016-03-05 00:44:53] [log] Query SQL:SELECT * FROM `sys_configs` WHERE ((`status` = 1)) ORDER BY sorts DESC,id ASC
Use time:0.00155
[2016-03-05 00:44:53] [log] Query SQL:SELECT  ps.`created_at`, (ps.`default_viewed` + ps.`newly_viewed`) as `num_viewed`, (ps.`default_viewed` + ps.`newly_viewed`) as `weight`, ps.`newly_commented`,		p.`pk_id`, p.`btitle`, p.`type`, p.`cover_url`	FROM `post_statistics` as ps, `posts` as p	WHERE ps.`fk_post_id` = p.`pk_id` AND p.`status` = 1		AND ps.`created_at` >= '1970-01-01 00:00:00' AND ps.`created_at` < '9999-01-01 00:00:00' 	ORDER BY (ps.`default_viewed` + ps.`newly_viewed`) DESC, ps.`created_at` DESC LIMIT 0, 60;		
Use time:0.42509
[2016-03-05 00:44:53] [notice] Notice:[8] Undefined index: num_liked popularposts.php at 89 row.
[2016-03-05 00:44:53] [notice] Notice:[8] Undefined index: num_liked popularposts.php at 89 row.
[2016-03-05 00:44:53] [notice] Notice:[8] Undefined index: num_liked popularposts.php at 89 row.
[2016-03-05 00:44:53] [notice] Notice:[8] Undefined index: num_liked popularposts.php at 89 row.
[2016-03-05 00:44:53] [notice] Notice:[8] Undefined index: num_liked popularposts.php at 89 row.
[2016-03-05 00:44:53] [notice] Notice:[8] Undefined index: num_liked popularposts.php at 89 row.
[2016-03-05 00:44:53] [notice] Notice:[8] Undefined index: num_liked popularposts.php at 89 row.
[2016-03-05 00:44:53] [notice] Notice:[8] Undefined index: num_liked popularposts.php at 89 row.
[2016-03-05 00:44:53] [notice] Notice:[8] Undefined index: num_liked popularposts.php at 89 row.
[2016-03-05 00:44:53] [notice] Notice:[8] Undefined index: num_liked popularposts.php at 89 row.
[2016-03-05 00:44:53] [notice] Notice:[8] Undefined index: num_liked popularposts.php at 89 row.
[2016-03-05 00:44:53] [notice] Notice:[8] Undefined index: num_liked popularposts.php at 89 row.
[2016-03-05 00:44:53] [notice] Notice:[8] Undefined index: num_liked popularposts.php at 89 row.
[2016-03-05 00:44:53] [notice] Notice:[8] Undefined index: num_liked popularposts.php at 89 row.
[2016-03-05 00:44:53] [notice] Notice:[8] Undefined index: num_liked popularposts.php at 89 row.
[2016-03-05 00:44:53] [notice] Notice:[8] Undefined index: num_liked popularposts.php at 89 row.
[2016-03-05 00:44:53] [notice] Notice:[8] Undefined index: num_liked popularposts.php at 89 row.
[2016-03-05 00:44:53] [notice] Notice:[8] Undefined index: num_liked popularposts.php at 89 row.
[2016-03-05 00:44:53] [notice] Notice:[8] Undefined index: num_liked popularposts.php at 89 row.
[2016-03-05 00:44:53] [notice] Notice:[8] Undefined index: num_liked popularposts.php at 89 row.
[2016-03-05 00:44:53] [notice] Notice:[8] Undefined index: num_liked popularposts.php at 89 row.
[2016-03-05 00:44:53] [notice] Notice:[8] Undefined index: num_liked popularposts.php at 89 row.
[2016-03-05 00:44:53] [notice] Notice:[8] Undefined index: num_liked popularposts.php at 89 row.
[2016-03-05 00:44:53] [notice] Notice:[8] Undefined index: num_liked popularposts.php at 89 row.
[2016-03-05 00:44:53] [notice] Notice:[8] Undefined index: num_liked popularposts.php at 89 row.
[2016-03-05 00:44:53] [notice] Notice:[8] Undefined index: num_liked popularposts.php at 89 row.
[2016-03-05 00:44:53] [notice] Notice:[8] Undefined index: num_liked popularposts.php at 89 row.
[2016-03-05 00:44:53] [notice] Notice:[8] Undefined index: num_liked popularposts.php at 89 row.
[2016-03-05 00:44:53] [notice] Notice:[8] Undefined index: num_liked popularposts.php at 89 row.
[2016-03-05 00:44:53] [notice] Notice:[8] Undefined index: num_liked popularposts.php at 89 row.
[2016-03-05 00:44:53] [notice] Notice:[8] Undefined index: num_liked popularposts.php at 89 row.
[2016-03-05 00:44:53] [notice] Notice:[8] Undefined index: num_liked popularposts.php at 89 row.
[2016-03-05 00:44:53] [notice] Notice:[8] Undefined index: num_liked popularposts.php at 89 row.
[2016-03-05 00:44:53] [notice] Notice:[8] Undefined index: num_liked popularposts.php at 89 row.
[2016-03-05 00:44:53] [notice] Notice:[8] Undefined index: num_liked popularposts.php at 89 row.
[2016-03-05 00:44:53] [notice] Notice:[8] Undefined index: num_liked popularposts.php at 89 row.
[2016-03-05 00:44:53] [notice] Notice:[8] Undefined index: num_liked popularposts.php at 89 row.
[2016-03-05 00:44:53] [notice] Notice:[8] Undefined index: num_liked popularposts.php at 89 row.
[2016-03-05 00:44:53] [notice] Notice:[8] Undefined index: num_liked popularposts.php at 89 row.
[2016-03-05 00:44:53] [notice] Notice:[8] Undefined index: num_liked popularposts.php at 89 row.
[2016-03-05 00:44:53] [notice] Notice:[8] Undefined index: num_liked popularposts.php at 89 row.
[2016-03-05 00:44:53] [notice] Notice:[8] Undefined index: num_liked popularposts.php at 89 row.
[2016-03-05 00:44:53] [notice] Notice:[8] Undefined index: num_liked popularposts.php at 89 row.
[2016-03-05 00:44:53] [notice] Notice:[8] Undefined index: num_liked popularposts.php at 89 row.
[2016-03-05 00:44:53] [notice] Notice:[8] Undefined index: num_liked popularposts.php at 89 row.
[2016-03-05 00:44:53] [notice] Notice:[8] Undefined index: num_liked popularposts.php at 89 row.
[2016-03-05 00:44:53] [notice] Notice:[8] Undefined index: num_liked popularposts.php at 89 row.
[2016-03-05 00:44:53] [notice] Notice:[8] Undefined index: num_liked popularposts.php at 89 row.
[2016-03-05 00:44:53] [notice] Notice:[8] Undefined index: num_liked popularposts.php at 89 row.
[2016-03-05 00:44:53] [notice] Notice:[8] Undefined index: num_liked popularposts.php at 89 row.
[2016-03-05 00:44:53] [notice] Notice:[8] Undefined index: num_liked popularposts.php at 89 row.
[2016-03-05 00:44:53] [notice] Notice:[8] Undefined index: num_liked popularposts.php at 89 row.
[2016-03-05 00:44:53] [notice] Notice:[8] Undefined index: num_liked popularposts.php at 89 row.
[2016-03-05 00:44:53] [notice] Notice:[8] Undefined index: num_liked popularposts.php at 89 row.
[2016-03-05 00:44:53] [notice] Notice:[8] Undefined index: num_liked popularposts.php at 89 row.
[2016-03-05 00:44:53] [notice] Notice:[8] Undefined index: num_liked popularposts.php at 89 row.
[2016-03-05 00:44:53] [notice] Notice:[8] Undefined index: num_liked popularposts.php at 89 row.
[2016-03-05 00:44:53] [notice] Notice:[8] Undefined index: num_liked popularposts.php at 89 row.
[2016-03-05 00:44:53] [notice] Notice:[8] Undefined index: num_liked popularposts.php at 89 row.
[2016-03-05 00:44:53] [notice] Notice:[8] Undefined index: num_liked popularposts.php at 89 row.
[2016-03-05 00:44:54] [log] Query SQL:SELECT  ps.`created_at`, (ps.`default_viewed` + ps.`newly_viewed`) as `num_viewed`, (ps.`default_liked` + ps.`newly_liked`) as `num_liked`, (ps.`default_commented` + ps.`newly_commented`) as `num_commented`, ((ps.`default_viewed` + ps.`newly_viewed`) * 0.001 + (ps.`default_liked` + ps.`newly_liked`) * 0.2 + (ps.`default_commented` + ps.`newly_commented`) * 1) / GREATEST(TIMESTAMPDIFF(SECOND, ps.`created_at`, NOW()) / 86400, 1.0) as `weight`, ps.`newly_commented`,		p.`pk_id`, p.`btitle`, p.`type`, p.`cover_url`	FROM `post_statistics` as ps, `posts` as p	WHERE ps.`fk_post_id` = p.`pk_id` AND p.`status` = 1		AND ps.`created_at` >= '1970-01-01 00:00:00' AND ps.`created_at` < '9999-01-01 00:00:00' 	ORDER BY ((ps.`default_viewed` + ps.`newly_viewed`) * 0.001 + (ps.`default_liked` + ps.`newly_liked`) * 0.2 + (ps.`default_commented` + ps.`newly_commented`) * 1) / GREATEST(TIMESTAMPDIFF(SECOND, ps.`created_at`, NOW()) / 86400, 1.0) DESC, ps.`created_at` DESC LIMIT 0, 20;		
Use time:0.43763
[2016-03-05 00:44:54] [notice] Notice:[2] Missing argument 1 for AppController::debug() appcontroller.php at 250 row.
[2016-03-05 00:44:54] [log] Process: 0.958s ( Load:0.0s Init:0.052s Exec:0.897s Template:0.009s )
Start Logging [2016-03-05 00:44:54 0.31322500]==============
[2016-03-05 00:44:54] REQUEST_URI: /min/?g=css
[2016-03-05 00:44:54] [notice] Notice:[8192] mysql_pconnect(): The mysql extension is deprecated and will be removed in the future: use mysqli or PDO instead mysqladapter.php at 96 row.
[2016-03-05 00:44:54] [log] Query SQL:SELECT * FROM `sys_configs` WHERE ((`status` = 1)) ORDER BY sorts DESC,id ASC
Use time:0.00146
Start Logging [2016-03-05 00:44:54 0.39348500]==============
[2016-03-05 00:44:54] REQUEST_URI: /min/?g=js
[2016-03-05 00:44:54] [notice] Notice:[8192] mysql_pconnect(): The mysql extension is deprecated and will be removed in the future: use mysqli or PDO instead mysqladapter.php at 96 row.
[2016-03-05 00:44:54] [log] Query SQL:SELECT * FROM `sys_configs` WHERE ((`status` = 1)) ORDER BY sorts DESC,id ASC
Use time:0.00057
Start Logging [2016-03-05 00:44:54 0.43119100]==============
[2016-03-05 00:44:54] REQUEST_URI: /min/?f=jquery.dotdotdot.min.js,bootstrap-paginator.min.js,bootstrap-select.min.js,popular.js&b=public/js
[2016-03-05 00:44:54] [notice] Notice:[8192] mysql_pconnect(): The mysql extension is deprecated and will be removed in the future: use mysqli or PDO instead mysqladapter.php at 96 row.
[2016-03-05 00:44:54] [log] Query SQL:SELECT * FROM `sys_configs` WHERE ((`status` = 1)) ORDER BY sorts DESC,id ASC
Use time:0.01110
Start Logging [2016-03-05 00:44:54 0.80920700]==============
[2016-03-05 00:44:54] REQUEST_URI: /min/?g=js
[2016-03-05 00:44:54] [notice] Notice:[8192] mysql_pconnect(): The mysql extension is deprecated and will be removed in the future: use mysqli or PDO instead mysqladapter.php at 96 row.
[2016-03-05 00:44:54] [log] Query SQL:SELECT * FROM `sys_configs` WHERE ((`status` = 1)) ORDER BY sorts DESC,id ASC
Use time:0.01145
Start Logging [2016-03-05 00:44:55 0.11513100]==============
[2016-03-05 00:44:55] REQUEST_URI: /min/?f=jquery.dotdotdot.min.js,bootstrap-paginator.min.js,bootstrap-select.min.js,popular.js&b=public/js
[2016-03-05 00:44:55] [notice] Notice:[8192] mysql_pconnect(): The mysql extension is deprecated and will be removed in the future: use mysqli or PDO instead mysqladapter.php at 96 row.
[2016-03-05 00:44:55] [log] Query SQL:SELECT * FROM `sys_configs` WHERE ((`status` = 1)) ORDER BY sorts DESC,id ASC
Use time:0.00159
