Start Logging [2016-03-10 23:29:51 0.94869500]==============
[2016-03-10 23:29:51] REQUEST_URI: /
[2016-03-10 23:29:51] [notice] Notice:[8192] mysql_pconnect(): The mysql extension is deprecated and will be removed in the future: use mysqli or PDO instead mysqladapter.php at 96 row.
[2016-03-10 23:29:52] [log] Query SQL:SELECT * FROM `sys_configs` WHERE ((`status` = 1)) ORDER BY sorts DESC,id ASC
Use time:0.05339
[2016-03-10 23:29:52] [log] Query SQL:SELECT `fk_post_id`,`cover_url` FROM `featured_posts` WHERE ((`status` = 1)) ORDER BY position DESC,featured_at DESC LIMIT 0,4
Use time:0.02926
[2016-03-10 23:29:52] [log] Query SQL:SELECT `pk_id`,`btitle`,`type`,`cover_url` FROM `posts` WHERE ((`pk_id` IN ('45041','45028','45092','43732'))) LIMIT 0,4
Use time:0.01361
[2016-03-10 23:29:52] [log] Query SQL:SELECT `pk_id`,`btitle`,`type`,`fk_channel_id`,`fk_channel_name`,`fk_member_id`,`fk_user_name`,`media_ids`,`created_at` FROM `posts` WHERE ((`status` = 1)) ORDER BY created_at DESC LIMIT 0,30
Use time:0.03315
[2016-03-10 23:29:52] [log] Query SQL:SELECT `pk_id`,`src_from` FROM `medias` WHERE ((`pk_id` IN (45131,45145,45140,45177,45128,45127,45117,45110,45115,45088,45099,45089,45092,45094,45090,45095,45035,45056,45074,45041,45028,45011,45010,44465,44444,43796,44082,43945,44424,44425)))
Use time:0.00996
[2016-03-10 23:29:52] [log] Query SQL:SELECT `fk_post_id`,(default_liked + newly_liked) AS `num_liked`,(default_disliked + newly_disliked) AS `num_disliked`,(default_favorited + newly_favorited) AS `num_favorited`,`newly_commented` AS `num_commented`,(default_viewed + newly_viewed) AS `num_viewed` FROM `post_statistics` WHERE ((`fk_post_id` IN (45131,45145,45140,45177,45128,45127,45117,45110,45115,45088,45099,45089,45092,45094,45090,45095,45035,45056,45074,45041,45028,45011,45010,44465,44444,43796,44082,43945,44424,44425)))
Use time:0.06065
[2016-03-10 23:29:54] [log] Query SQL:SELECT  ps.`created_at`, (ps.`default_viewed` + ps.`newly_viewed`) as `num_viewed`, (ps.`default_liked` + ps.`newly_liked`) as `num_liked`, (ps.`default_commented` + ps.`newly_commented`) as `num_commented`, ((ps.`default_viewed` + ps.`newly_viewed`) * 0.001 + (ps.`default_liked` + ps.`newly_liked`) * 0.2 + (ps.`default_commented` + ps.`newly_commented`) * 1) / GREATEST(TIMESTAMPDIFF(SECOND, ps.`created_at`, NOW()) / 86400, 1.0) as `weight`, ps.`newly_commented`,		p.`pk_id`, p.`btitle`, p.`type`, p.`cover_url`	FROM `post_statistics` as ps, `posts` as p	WHERE ps.`fk_post_id` = p.`pk_id` AND p.`status` = 1		AND ps.`created_at` >= '1970-01-01 00:00:00' AND ps.`created_at` < '9999-01-01 00:00:00' 	ORDER BY ((ps.`default_viewed` + ps.`newly_viewed`) * 0.001 + (ps.`default_liked` + ps.`newly_liked`) * 0.2 + (ps.`default_commented` + ps.`newly_commented`) * 1) / GREATEST(TIMESTAMPDIFF(SECOND, ps.`created_at`, NOW()) / 86400, 1.0) DESC, ps.`created_at` DESC LIMIT 0, 20;		
Use time:2.22657
[2016-03-10 23:29:54] [notice] Notice:[2] Missing argument 1 for AppController::debug() appcontroller.php at 250 row.
[2016-03-10 23:29:54] [log] Process: 2.631s ( Load:0.0s Init:0.021s Exec:2.588s Template:0.022s )
Start Logging [2016-03-10 23:29:54 0.91347000]==============
[2016-03-10 23:29:54] REQUEST_URI: /min/?g=css
[2016-03-10 23:29:54] [notice] Notice:[8192] mysql_pconnect(): The mysql extension is deprecated and will be removed in the future: use mysqli or PDO instead mysqladapter.php at 96 row.
[2016-03-10 23:29:54] [log] Query SQL:SELECT * FROM `sys_configs` WHERE ((`status` = 1)) ORDER BY sorts DESC,id ASC
Use time:0.00035
Start Logging [2016-03-10 23:29:55 0.22276500]==============
[2016-03-10 23:29:55] REQUEST_URI: /min/?f=youtube.js,home.js&b=public/js
[2016-03-10 23:29:55] [notice] Notice:[8192] mysql_pconnect(): The mysql extension is deprecated and will be removed in the future: use mysqli or PDO instead mysqladapter.php at 96 row.
[2016-03-10 23:29:55] [log] Query SQL:SELECT * FROM `sys_configs` WHERE ((`status` = 1)) ORDER BY sorts DESC,id ASC
Use time:0.01702
Start Logging [2016-03-10 23:29:55 0.33782700]==============
[2016-03-10 23:29:55] REQUEST_URI: /min/?g=js
[2016-03-10 23:29:55] [notice] Notice:[8192] mysql_pconnect(): The mysql extension is deprecated and will be removed in the future: use mysqli or PDO instead mysqladapter.php at 96 row.
[2016-03-10 23:29:55] [log] Query SQL:SELECT * FROM `sys_configs` WHERE ((`status` = 1)) ORDER BY sorts DESC,id ASC
Use time:0.00055
Start Logging [2016-03-10 23:29:56 0.87755400]==============
[2016-03-10 23:29:56] REQUEST_URI: /min/?g=js
[2016-03-10 23:29:56] [notice] Notice:[8192] mysql_pconnect(): The mysql extension is deprecated and will be removed in the future: use mysqli or PDO instead mysqladapter.php at 96 row.
[2016-03-10 23:29:56] [log] Query SQL:SELECT * FROM `sys_configs` WHERE ((`status` = 1)) ORDER BY sorts DESC,id ASC
Use time:0.00034
Start Logging [2016-03-10 23:29:58 0.39912100]==============
[2016-03-10 23:29:58] REQUEST_URI: /?c=js&a=post_actionbox&postids=45131%2C45145%2C45140%2C45177%2C45128%2C45127%2C45117%2C45110%2C45115%2C45088%2C45099%2C45089%2C45092%2C45094%2C45090%2C45095%2C45035%2C45056%2C45074%2C45041%2C45028%2C45011%2C45010%2C44465%2C44444%2C43796%2C44082%2C43945%2C44424%2C44425&_=1457652597718
[2016-03-10 23:29:58] [notice] Notice:[8192] mysql_pconnect(): The mysql extension is deprecated and will be removed in the future: use mysqli or PDO instead mysqladapter.php at 96 row.
[2016-03-10 23:29:58] [log] Query SQL:SELECT * FROM `sys_configs` WHERE ((`status` = 1)) ORDER BY sorts DESC,id ASC
Use time:0.00309
