Start Logging [2016-05-05 14:16:53 0.25039200]==============
[2016-05-05 14:16:53] REQUEST_URI: /
[2016-05-05 14:16:53] [notice] Notice:[8192] mysql_pconnect(): The mysql extension is deprecated and will be removed in the future: use mysqli or PDO instead mysqladapter.php at 96 row.
[2016-05-05 14:16:53] [notice] Notice:[8] mysql_pconnect(): send of 5 bytes failed with errno=32 Broken pipe mysqladapter.php at 96 row.
[2016-05-05 14:16:53] [log] Query SQL:SELECT * FROM `sys_configs` WHERE ((`status` = 1)) ORDER BY sorts DESC,id ASC
Use time:0.02318
[2016-05-05 14:16:53] [log] Query SQL:SELECT `fk_post_id`,`cover_url` FROM `featured_posts` WHERE ((`status` = 1)) ORDER BY position DESC,featured_at DESC LIMIT 0,4
Use time:0.01078
[2016-05-05 14:16:53] [log] Query SQL:SELECT `pk_id`,`btitle`,`type`,`cover_url` FROM `posts` WHERE ((`pk_id` IN ('45041','45028','45092','43732'))) LIMIT 0,4
Use time:0.00658
[2016-05-05 14:16:53] [log] Query SQL:SELECT `pk_id`,`btitle`,`type`,`fk_channel_id`,`fk_channel_name`,`fk_member_id`,`fk_user_name`,`media_ids`,`created_at` FROM `posts` WHERE ((`status` = 1)) ORDER BY created_at DESC LIMIT 0,30
Use time:0.02824
[2016-05-05 14:16:53] [log] Query SQL:SELECT `pk_id`,`src_from` FROM `medias` WHERE ((`pk_id` IN (45131,45145,45140,45177,45128,45127,45117,45110,45115,45088,45099,45089,45092,45094,45090,45095,45035,45056,45074,45041,45028,45011,45010,44465,44444,43796,44082,43945,44424,44425)))
Use time:0.00576
[2016-05-05 14:16:53] [log] Query SQL:SELECT `fk_post_id`,(default_liked + newly_liked) AS `num_liked`,(default_disliked + newly_disliked) AS `num_disliked`,(default_favorited + newly_favorited) AS `num_favorited`,`newly_commented` AS `num_commented`,(default_viewed + newly_viewed) AS `num_viewed` FROM `post_statistics` WHERE ((`fk_post_id` IN (45131,45145,45140,45177,45128,45127,45117,45110,45115,45088,45099,45089,45092,45094,45090,45095,45035,45056,45074,45041,45028,45011,45010,44465,44444,43796,44082,43945,44424,44425)))
Use time:0.03926
[2016-05-05 14:16:53] [log] Query SQL:SELECT  ps.`created_at`, (ps.`default_viewed` + ps.`newly_viewed`) as `num_viewed`, (ps.`default_liked` + ps.`newly_liked`) as `num_liked`, (ps.`default_commented` + ps.`newly_commented`) as `num_commented`, ((ps.`default_viewed` + ps.`newly_viewed`) * 0.001 + (ps.`default_liked` + ps.`newly_liked`) * 0.2 + (ps.`default_commented` + ps.`newly_commented`) * 1) / GREATEST(TIMESTAMPDIFF(SECOND, ps.`created_at`, NOW()) / 86400, 1.0) as `weight`, ps.`newly_commented`,		p.`pk_id`, p.`btitle`, p.`type`, p.`cover_url`	FROM `post_statistics` as ps, `posts` as p	WHERE ps.`fk_post_id` = p.`pk_id` AND p.`status` = 1		AND ps.`created_at` >= '1970-01-01 00:00:00' AND ps.`created_at` < '9999-01-01 00:00:00' 	ORDER BY ((ps.`default_viewed` + ps.`newly_viewed`) * 0.001 + (ps.`default_liked` + ps.`newly_liked`) * 0.2 + (ps.`default_commented` + ps.`newly_commented`) * 1) / GREATEST(TIMESTAMPDIFF(SECOND, ps.`created_at`, NOW()) / 86400, 1.0) DESC, ps.`created_at` DESC LIMIT 0, 20;		
Use time:0.43094
[2016-05-05 14:16:53] [notice] Notice:[2] Missing argument 1 for AppController::debug() appcontroller.php at 250 row.
[2016-05-05 14:16:53] [log] Process: 0.811s ( Load:0.0s Init:0.025s Exec:0.751s Template:0.035s )
Start Logging [2016-05-05 14:16:54 0.11939100]==============
[2016-05-05 14:16:54] REQUEST_URI: /min/?g=css
[2016-05-05 14:16:54] [notice] Notice:[8192] mysql_pconnect(): The mysql extension is deprecated and will be removed in the future: use mysqli or PDO instead mysqladapter.php at 96 row.
[2016-05-05 14:16:54] [log] Query SQL:SELECT * FROM `sys_configs` WHERE ((`status` = 1)) ORDER BY sorts DESC,id ASC
Use time:0.00049
Start Logging [2016-05-05 14:16:54 0.68476700]==============
[2016-05-05 14:16:54] REQUEST_URI: /min/?g=js
[2016-05-05 14:16:54] [notice] Notice:[8192] mysql_pconnect(): The mysql extension is deprecated and will be removed in the future: use mysqli or PDO instead mysqladapter.php at 96 row.
[2016-05-05 14:16:54] [log] Query SQL:SELECT * FROM `sys_configs` WHERE ((`status` = 1)) ORDER BY sorts DESC,id ASC
Use time:0.00029
Start Logging [2016-05-05 14:16:54 0.74696900]==============
[2016-05-05 14:16:54] REQUEST_URI: /min/?f=youtube.js,home.js&b=public/js
[2016-05-05 14:16:54] [notice] Notice:[8192] mysql_pconnect(): The mysql extension is deprecated and will be removed in the future: use mysqli or PDO instead mysqladapter.php at 96 row.
[2016-05-05 14:16:54] [notice] Notice:[8] mysql_pconnect(): send of 5 bytes failed with errno=32 Broken pipe mysqladapter.php at 96 row.
[2016-05-05 14:16:54] [log] Query SQL:SELECT * FROM `sys_configs` WHERE ((`status` = 1)) ORDER BY sorts DESC,id ASC
Use time:0.00052
Start Logging [2016-05-05 14:16:55 0.98305900]==============
[2016-05-05 14:16:55] REQUEST_URI: /?c=js&a=post_actionbox&postids=45131%2C45145%2C45140%2C45177%2C45128%2C45127%2C45117%2C45110%2C45115%2C45088%2C45099%2C45089%2C45092%2C45094%2C45090%2C45095%2C45035%2C45056%2C45074%2C45041%2C45028%2C45011%2C45010%2C44465%2C44444%2C43796%2C44082%2C43945%2C44424%2C44425&_=1462457815847
[2016-05-05 14:16:55] [notice] Notice:[8192] mysql_pconnect(): The mysql extension is deprecated and will be removed in the future: use mysqli or PDO instead mysqladapter.php at 96 row.
[2016-05-05 14:16:55] [log] Query SQL:SELECT * FROM `sys_configs` WHERE ((`status` = 1)) ORDER BY sorts DESC,id ASC
Use time:0.00031
[2016-05-05 14:16:56] [log] Query SQL:SELECT * FROM `liked_posts` WHERE ((`fk_user_name` = 'wanliqun' AND `fk_post_id` IN ('45131','45145','45140','45177','45128','45127','45117','45110','45115','45088','45099','45089','45092','45094','45090','45095','45035','45056','45074','45041','45028','45011','45010','44465','44444','43796','44082','43945','44424','44425')))
Use time:0.00404
[2016-05-05 14:16:56] [log] Query SQL:SELECT * FROM `favorited_posts` WHERE ((`fk_user_name` = 'wanliqun' AND `fk_post_id` IN ('45131','45145','45140','45177','45128','45127','45117','45110','45115','45088','45099','45089','45092','45094','45090','45095','45035','45056','45074','45041','45028','45011','45010','44465','44444','43796','44082','43945','44424','44425')))
Use time:0.01191
[2016-05-05 14:16:56] [notice] Notice:[8] Undefined offset: 45131 js.php at 29 row.
[2016-05-05 14:16:56] [notice] Notice:[8] Undefined offset: 45145 js.php at 29 row.
[2016-05-05 14:16:56] [notice] Notice:[8] Undefined offset: 45140 js.php at 29 row.
[2016-05-05 14:16:56] [notice] Notice:[8] Undefined offset: 45177 js.php at 29 row.
[2016-05-05 14:16:56] [notice] Notice:[8] Undefined offset: 45128 js.php at 29 row.
[2016-05-05 14:16:56] [notice] Notice:[8] Undefined offset: 45127 js.php at 29 row.
[2016-05-05 14:16:56] [notice] Notice:[8] Undefined offset: 45117 js.php at 29 row.
[2016-05-05 14:16:56] [notice] Notice:[8] Undefined offset: 45110 js.php at 29 row.
[2016-05-05 14:16:56] [notice] Notice:[8] Undefined offset: 45115 js.php at 29 row.
[2016-05-05 14:16:56] [notice] Notice:[8] Undefined offset: 45088 js.php at 29 row.
[2016-05-05 14:16:56] [notice] Notice:[8] Undefined offset: 45099 js.php at 29 row.
[2016-05-05 14:16:56] [notice] Notice:[8] Undefined offset: 45089 js.php at 29 row.
[2016-05-05 14:16:56] [notice] Notice:[8] Undefined offset: 45092 js.php at 29 row.
[2016-05-05 14:16:56] [notice] Notice:[8] Undefined offset: 45094 js.php at 29 row.
[2016-05-05 14:16:56] [notice] Notice:[8] Undefined offset: 45090 js.php at 29 row.
[2016-05-05 14:16:56] [notice] Notice:[8] Undefined offset: 45095 js.php at 29 row.
[2016-05-05 14:16:56] [notice] Notice:[8] Undefined offset: 45035 js.php at 29 row.
[2016-05-05 14:16:56] [notice] Notice:[8] Undefined offset: 45056 js.php at 29 row.
[2016-05-05 14:16:56] [notice] Notice:[8] Undefined offset: 45074 js.php at 29 row.
[2016-05-05 14:16:56] [notice] Notice:[8] Undefined offset: 45041 js.php at 29 row.
[2016-05-05 14:16:56] [notice] Notice:[8] Undefined offset: 45028 js.php at 29 row.
[2016-05-05 14:16:56] [notice] Notice:[8] Undefined offset: 45011 js.php at 29 row.
[2016-05-05 14:16:56] [notice] Notice:[8] Undefined offset: 45010 js.php at 29 row.
[2016-05-05 14:16:56] [notice] Notice:[8] Undefined offset: 44465 js.php at 29 row.
[2016-05-05 14:16:56] [notice] Notice:[8] Undefined offset: 44444 js.php at 29 row.
[2016-05-05 14:16:56] [notice] Notice:[8] Undefined offset: 43796 js.php at 29 row.
[2016-05-05 14:16:56] [notice] Notice:[8] Undefined offset: 44082 js.php at 29 row.
[2016-05-05 14:16:56] [notice] Notice:[8] Undefined offset: 43945 js.php at 29 row.
[2016-05-05 14:16:56] [notice] Notice:[8] Undefined offset: 44424 js.php at 29 row.
[2016-05-05 14:16:56] [notice] Notice:[8] Undefined offset: 44425 js.php at 29 row.
[2016-05-05 14:16:56] [notice] Notice:[2] Missing argument 1 for AppController::debug() appcontroller.php at 250 row.
[2016-05-05 14:16:56] [log] Process: 0.091s ( Load:0.0s Init:0.008s Exec:0.064s Template:0.020s )
Start Logging [2016-05-05 23:02:47 0.08273200]==============
[2016-05-05 23:02:47] REQUEST_URI: /
[2016-05-05 23:02:47] [notice] Notice:[8192] mysql_pconnect(): The mysql extension is deprecated and will be removed in the future: use mysqli or PDO instead mysqladapter.php at 96 row.
[2016-05-05 23:02:47] [log] Query SQL:SELECT * FROM `sys_configs` WHERE ((`status` = 1)) ORDER BY sorts DESC,id ASC
Use time:0.01736
[2016-05-05 23:02:47] [log] Query SQL:SELECT `fk_post_id`,`cover_url` FROM `featured_posts` WHERE ((`status` = 1)) ORDER BY position DESC,featured_at DESC LIMIT 0,4
Use time:0.01088
[2016-05-05 23:02:47] [log] Query SQL:SELECT `pk_id`,`btitle`,`type`,`cover_url` FROM `posts` WHERE ((`pk_id` IN ('45041','45028','45092','43732'))) LIMIT 0,4
Use time:0.00378
[2016-05-05 23:02:47] [log] Query SQL:SELECT `pk_id`,`btitle`,`type`,`fk_channel_id`,`fk_channel_name`,`fk_member_id`,`fk_user_name`,`media_ids`,`created_at` FROM `posts` WHERE ((`status` = 1)) ORDER BY created_at DESC LIMIT 0,30
Use time:0.03326
[2016-05-05 23:02:47] [log] Query SQL:SELECT `pk_id`,`src_from` FROM `medias` WHERE ((`pk_id` IN (45131,45145,45140,45177,45128,45127,45117,45110,45115,45088,45099,45089,45092,45094,45090,45095,45035,45056,45074,45041,45028,45011,45010,44465,44444,43796,44082,43945,44424,44425)))
Use time:0.00247
[2016-05-05 23:02:47] [log] Query SQL:SELECT `fk_post_id`,(default_liked + newly_liked) AS `num_liked`,(default_disliked + newly_disliked) AS `num_disliked`,(default_favorited + newly_favorited) AS `num_favorited`,`newly_commented` AS `num_commented`,(default_viewed + newly_viewed) AS `num_viewed` FROM `post_statistics` WHERE ((`fk_post_id` IN (45131,45145,45140,45177,45128,45127,45117,45110,45115,45088,45099,45089,45092,45094,45090,45095,45035,45056,45074,45041,45028,45011,45010,44465,44444,43796,44082,43945,44424,44425)))
Use time:0.04226
[2016-05-05 23:02:47] [log] Query SQL:SELECT  ps.`created_at`, (ps.`default_viewed` + ps.`newly_viewed`) as `num_viewed`, (ps.`default_liked` + ps.`newly_liked`) as `num_liked`, (ps.`default_commented` + ps.`newly_commented`) as `num_commented`, ((ps.`default_viewed` + ps.`newly_viewed`) * 0.001 + (ps.`default_liked` + ps.`newly_liked`) * 0.2 + (ps.`default_commented` + ps.`newly_commented`) * 1) / GREATEST(TIMESTAMPDIFF(SECOND, ps.`created_at`, NOW()) / 86400, 1.0) as `weight`, ps.`newly_commented`,		p.`pk_id`, p.`btitle`, p.`type`, p.`cover_url`	FROM `post_statistics` as ps, `posts` as p	WHERE ps.`fk_post_id` = p.`pk_id` AND p.`status` = 1		AND ps.`created_at` >= '1970-01-01 00:00:00' AND ps.`created_at` < '9999-01-01 00:00:00' 	ORDER BY ((ps.`default_viewed` + ps.`newly_viewed`) * 0.001 + (ps.`default_liked` + ps.`newly_liked`) * 0.2 + (ps.`default_commented` + ps.`newly_commented`) * 1) / GREATEST(TIMESTAMPDIFF(SECOND, ps.`created_at`, NOW()) / 86400, 1.0) DESC, ps.`created_at` DESC LIMIT 0, 20;		
Use time:0.45132
[2016-05-05 23:02:47] [notice] Notice:[2] Missing argument 1 for AppController::debug() appcontroller.php at 250 row.
[2016-05-05 23:02:47] [log] Process: 0.780s ( Load:0.0s Init:0.020s Exec:0.721s Template:0.039s )
Start Logging [2016-05-05 23:02:47 0.95242100]==============
[2016-05-05 23:02:47] REQUEST_URI: /min/?g=css
[2016-05-05 23:02:47] [notice] Notice:[8192] mysql_pconnect(): The mysql extension is deprecated and will be removed in the future: use mysqli or PDO instead mysqladapter.php at 96 row.
[2016-05-05 23:02:47] [log] Query SQL:SELECT * FROM `sys_configs` WHERE ((`status` = 1)) ORDER BY sorts DESC,id ASC
Use time:0.00034
Start Logging [2016-05-05 23:02:48 0.19100300]==============
[2016-05-05 23:02:48] REQUEST_URI: /min/?g=js
[2016-05-05 23:02:48] [notice] Notice:[8192] mysql_pconnect(): The mysql extension is deprecated and will be removed in the future: use mysqli or PDO instead mysqladapter.php at 96 row.
[2016-05-05 23:02:48] [log] Query SQL:SELECT * FROM `sys_configs` WHERE ((`status` = 1)) ORDER BY sorts DESC,id ASC
Use time:0.00091
Start Logging [2016-05-05 23:02:48 0.31160000]==============
[2016-05-05 23:02:48] REQUEST_URI: /min/?f=youtube.js,home.js&b=public/js
[2016-05-05 23:02:48] [notice] Notice:[8192] mysql_pconnect(): The mysql extension is deprecated and will be removed in the future: use mysqli or PDO instead mysqladapter.php at 96 row.
[2016-05-05 23:02:48] [log] Query SQL:SELECT * FROM `sys_configs` WHERE ((`status` = 1)) ORDER BY sorts DESC,id ASC
Use time:0.00060
Start Logging [2016-05-05 23:02:49 0.55756300]==============
[2016-05-05 23:02:49] REQUEST_URI: /?c=js&a=post_actionbox&postids=45131%2C45145%2C45140%2C45177%2C45128%2C45127%2C45117%2C45110%2C45115%2C45088%2C45099%2C45089%2C45092%2C45094%2C45090%2C45095%2C45035%2C45056%2C45074%2C45041%2C45028%2C45011%2C45010%2C44465%2C44444%2C43796%2C44082%2C43945%2C44424%2C44425&_=1462489369459
[2016-05-05 23:02:49] [notice] Notice:[8192] mysql_pconnect(): The mysql extension is deprecated and will be removed in the future: use mysqli or PDO instead mysqladapter.php at 96 row.
[2016-05-05 23:02:49] [notice] Notice:[8] mysql_pconnect(): send of 5 bytes failed with errno=32 Broken pipe mysqladapter.php at 96 row.
[2016-05-05 23:02:49] [log] Query SQL:SELECT * FROM `sys_configs` WHERE ((`status` = 1)) ORDER BY sorts DESC,id ASC
Use time:0.00046
[2016-05-05 23:02:49] [log] Query SQL:SELECT * FROM `liked_posts` WHERE ((`fk_user_name` = 'wanliqun' AND `fk_post_id` IN ('45131','45145','45140','45177','45128','45127','45117','45110','45115','45088','45099','45089','45092','45094','45090','45095','45035','45056','45074','45041','45028','45011','45010','44465','44444','43796','44082','43945','44424','44425')))
Use time:0.00202
[2016-05-05 23:02:49] [log] Query SQL:SELECT * FROM `favorited_posts` WHERE ((`fk_user_name` = 'wanliqun' AND `fk_post_id` IN ('45131','45145','45140','45177','45128','45127','45117','45110','45115','45088','45099','45089','45092','45094','45090','45095','45035','45056','45074','45041','45028','45011','45010','44465','44444','43796','44082','43945','44424','44425')))
Use time:0.00114
[2016-05-05 23:02:49] [notice] Notice:[8] Undefined offset: 45131 js.php at 29 row.
[2016-05-05 23:02:49] [notice] Notice:[8] Undefined offset: 45145 js.php at 29 row.
[2016-05-05 23:02:49] [notice] Notice:[8] Undefined offset: 45140 js.php at 29 row.
[2016-05-05 23:02:49] [notice] Notice:[8] Undefined offset: 45177 js.php at 29 row.
[2016-05-05 23:02:49] [notice] Notice:[8] Undefined offset: 45128 js.php at 29 row.
[2016-05-05 23:02:49] [notice] Notice:[8] Undefined offset: 45127 js.php at 29 row.
[2016-05-05 23:02:49] [notice] Notice:[8] Undefined offset: 45117 js.php at 29 row.
[2016-05-05 23:02:49] [notice] Notice:[8] Undefined offset: 45110 js.php at 29 row.
[2016-05-05 23:02:49] [notice] Notice:[8] Undefined offset: 45115 js.php at 29 row.
[2016-05-05 23:02:49] [notice] Notice:[8] Undefined offset: 45088 js.php at 29 row.
[2016-05-05 23:02:49] [notice] Notice:[8] Undefined offset: 45099 js.php at 29 row.
[2016-05-05 23:02:49] [notice] Notice:[8] Undefined offset: 45089 js.php at 29 row.
[2016-05-05 23:02:49] [notice] Notice:[8] Undefined offset: 45092 js.php at 29 row.
[2016-05-05 23:02:49] [notice] Notice:[8] Undefined offset: 45094 js.php at 29 row.
[2016-05-05 23:02:49] [notice] Notice:[8] Undefined offset: 45090 js.php at 29 row.
[2016-05-05 23:02:49] [notice] Notice:[8] Undefined offset: 45095 js.php at 29 row.
[2016-05-05 23:02:49] [notice] Notice:[8] Undefined offset: 45035 js.php at 29 row.
[2016-05-05 23:02:49] [notice] Notice:[8] Undefined offset: 45056 js.php at 29 row.
[2016-05-05 23:02:49] [notice] Notice:[8] Undefined offset: 45074 js.php at 29 row.
[2016-05-05 23:02:49] [notice] Notice:[8] Undefined offset: 45041 js.php at 29 row.
[2016-05-05 23:02:49] [notice] Notice:[8] Undefined offset: 45028 js.php at 29 row.
[2016-05-05 23:02:49] [notice] Notice:[8] Undefined offset: 45011 js.php at 29 row.
[2016-05-05 23:02:49] [notice] Notice:[8] Undefined offset: 45010 js.php at 29 row.
[2016-05-05 23:02:49] [notice] Notice:[8] Undefined offset: 44465 js.php at 29 row.
[2016-05-05 23:02:49] [notice] Notice:[8] Undefined offset: 44444 js.php at 29 row.
[2016-05-05 23:02:49] [notice] Notice:[8] Undefined offset: 43796 js.php at 29 row.
[2016-05-05 23:02:49] [notice] Notice:[8] Undefined offset: 44082 js.php at 29 row.
[2016-05-05 23:02:49] [notice] Notice:[8] Undefined offset: 43945 js.php at 29 row.
[2016-05-05 23:02:49] [notice] Notice:[8] Undefined offset: 44424 js.php at 29 row.
[2016-05-05 23:02:49] [notice] Notice:[8] Undefined offset: 44425 js.php at 29 row.
[2016-05-05 23:02:49] [notice] Notice:[2] Missing argument 1 for AppController::debug() appcontroller.php at 250 row.
[2016-05-05 23:02:49] [log] Process: 0.074s ( Load:0.0s Init:0.005s Exec:0.055s Template:0.014s )
