Start Logging [2016-01-29 03:56:26 0.23248000]==============
[2016-01-29 03:56:26] REQUEST_URI: /
[2016-01-29 03:56:26] [notice] Notice:[8192] mysql_pconnect(): The mysql extension is deprecated and will be removed in the future: use mysqli or PDO instead mysqladapter.php at 96 row.
[2016-01-29 03:56:26] [log] Query SQL:SELECT * FROM `sys_configs` WHERE ((`status` = 1)) ORDER BY sorts DESC,id ASC
Use time:0.09362
[2016-01-29 03:56:26] [log] Query SQL:SELECT `fk_post_id`,`cover_url` FROM `featured_posts` WHERE ((`status` = 1)) ORDER BY position DESC,featured_at DESC LIMIT 0,4
Use time:0.04511
[2016-01-29 03:56:26] [log] Query SQL:SELECT `pk_id`,`btitle`,`type`,`cover_url` FROM `posts` WHERE ((`pk_id` IN ('45041','45028','45092','43732'))) LIMIT 0,4
Use time:0.02577
[2016-01-29 03:56:26] [log] Query SQL:SELECT `pk_id`,`btitle`,`type`,`fk_channel_id`,`fk_channel_name`,`fk_member_id`,`fk_user_name`,`media_ids`,`created_at` FROM `posts` WHERE ((`status` = 1)) ORDER BY created_at DESC LIMIT 0,30
Use time:0.04200
[2016-01-29 03:56:26] [log] Query SQL:SELECT `pk_id`,`src_from` FROM `medias` WHERE ((`pk_id` IN (45132,45131,45145,45130,45140,45177,45128,45116,45127,45117,45110,45115,45088,45099,45089,45092,45094,45090,45095,45035,45056,45074,45041,45028,45011,45010,44465,44444,43796,44082)))
Use time:0.01592
[2016-01-29 03:56:26] [log] Query SQL:SELECT `fk_post_id`,(default_liked + newly_liked) AS `num_liked`,(default_disliked + newly_disliked) AS `num_disliked`,(default_favorited + newly_favorited) AS `num_favorited`,`newly_commented` AS `num_commented`,(default_viewed + newly_viewed) AS `num_viewed` FROM `post_statistics` WHERE ((`fk_post_id` IN (45132,45131,45145,45130,45140,45177,45128,45116,45127,45117,45110,45115,45088,45099,45089,45092,45094,45090,45095,45035,45056,45074,45041,45028,45011,45010,44465,44444,43796,44082)))
Use time:0.09039
[2016-01-29 03:56:27] [log] Query SQL:SELECT  ps.`created_at`, (ps.`default_viewed` + ps.`newly_viewed`) as `num_viewed`, (ps.`default_liked` + ps.`newly_liked`) as `num_liked`, (ps.`default_commented` + ps.`newly_commented`) as `num_commented`, ((ps.`default_viewed` + ps.`newly_viewed`) * 0.001 + (ps.`default_liked` + ps.`newly_liked`) * 0.2 + (ps.`default_commented` + ps.`newly_commented`) * 1) / GREATEST(TIMESTAMPDIFF(SECOND, ps.`created_at`, NOW()) / 86400, 1.0) as `weight`, ps.`newly_commented`,		p.`pk_id`, p.`btitle`, p.`type`, p.`cover_url`	FROM `post_statistics` as ps, `posts` as p	WHERE ps.`fk_post_id` = p.`pk_id` AND p.`status` = 1		AND ps.`created_at` >= '1970-01-01 00:00:00' AND ps.`created_at` < '9999-01-01 00:00:00' 	ORDER BY ((ps.`default_viewed` + ps.`newly_viewed`) * 0.001 + (ps.`default_liked` + ps.`newly_liked`) * 0.2 + (ps.`default_commented` + ps.`newly_commented`) * 1) / GREATEST(TIMESTAMPDIFF(SECOND, ps.`created_at`, NOW()) / 86400, 1.0) DESC, ps.`created_at` DESC LIMIT 0, 20;		
Use time:0.77714
[2016-01-29 03:56:27] [notice] Notice:[2] Missing argument 1 for AppController::debug() appcontroller.php at 250 row.
[2016-01-29 03:56:27] [log] Process: 1.455s ( Load:0.0s Init:0.054s Exec:1.364s Template:0.038s )
Start Logging [2016-01-29 03:56:28 0.00135700]==============
[2016-01-29 03:56:28] REQUEST_URI: /min/?g=css
[2016-01-29 03:56:28] [notice] Notice:[8192] mysql_pconnect(): The mysql extension is deprecated and will be removed in the future: use mysqli or PDO instead mysqladapter.php at 96 row.
[2016-01-29 03:56:28] [log] Query SQL:SELECT * FROM `sys_configs` WHERE ((`status` = 1)) ORDER BY sorts DESC,id ASC
Use time:0.00028
Start Logging [2016-01-29 03:56:28 0.21635200]==============
[2016-01-29 03:56:28] REQUEST_URI: /min/?g=js
[2016-01-29 03:56:28] [notice] Notice:[8192] mysql_pconnect(): The mysql extension is deprecated and will be removed in the future: use mysqli or PDO instead mysqladapter.php at 96 row.
[2016-01-29 03:56:28] [log] Query SQL:SELECT * FROM `sys_configs` WHERE ((`status` = 1)) ORDER BY sorts DESC,id ASC
Use time:0.00616
Start Logging [2016-01-29 03:56:28 0.35385200]==============
[2016-01-29 03:56:28] REQUEST_URI: /min/?f=youtube.js,home.js&b=public/js
[2016-01-29 03:56:28] [notice] Notice:[8192] mysql_pconnect(): The mysql extension is deprecated and will be removed in the future: use mysqli or PDO instead mysqladapter.php at 96 row.
[2016-01-29 03:56:28] [log] Query SQL:SELECT * FROM `sys_configs` WHERE ((`status` = 1)) ORDER BY sorts DESC,id ASC
Use time:0.00059
Start Logging [2016-01-29 03:56:33 0.26205000]==============
[2016-01-29 03:56:33] REQUEST_URI: /?c=js&a=post_actionbox&postids=45132%2C45131%2C45145%2C45130%2C45140%2C45177%2C45128%2C45116%2C45127%2C45117%2C45110%2C45115%2C45088%2C45099%2C45089%2C45092%2C45094%2C45090%2C45095%2C45035%2C45056%2C45074%2C45041%2C45028%2C45011%2C45010%2C44465%2C44444%2C43796%2C44082&_=1454039792334
[2016-01-29 03:56:33] [notice] Notice:[8192] mysql_pconnect(): The mysql extension is deprecated and will be removed in the future: use mysqli or PDO instead mysqladapter.php at 96 row.
[2016-01-29 03:56:33] [log] Query SQL:SELECT * FROM `sys_configs` WHERE ((`status` = 1)) ORDER BY sorts DESC,id ASC
Use time:0.00060
